{"C:\\Users\\Wissen\\Downloads\\Frontend\\postcss.config.js": {"path":"C:\\Users\\Wissen\\Downloads\\Frontend\\postcss.config.js","all":true,"statementMap":{"0":{"start":{"line":1,"column":0},"end":{"line":1,"column":16}},"1":{"start":{"line":2,"column":0},"end":{"line":2,"column":12}},"2":{"start":{"line":3,"column":0},"end":{"line":3,"column":20}},"3":{"start":{"line":4,"column":0},"end":{"line":4,"column":21}},"4":{"start":{"line":5,"column":0},"end":{"line":5,"column":4}},"5":{"start":{"line":6,"column":0},"end":{"line":6,"column":1}}},"s":{"0":0,"1":0,"2":0,"3":0,"4":0,"5":0},"branchMap":{"0":{"type":"branch","line":1,"loc":{"start":{"line":1,"column":0},"end":{"line":6,"column":-11}},"locations":[{"start":{"line":1,"column":0},"end":{"line":6,"column":-11}}]}},"b":{"0":[0]},"fnMap":{"0":{"name":"(empty-report)","decl":{"start":{"line":1,"column":0},"end":{"line":6,"column":-11}},"loc":{"start":{"line":1,"column":0},"end":{"line":6,"column":-11}},"line":1}},"f":{"0":0}}
,"C:\\Users\\Wissen\\Downloads\\Frontend\\tailwind.config.js": {"path":"C:\\Users\\Wissen\\Downloads\\Frontend\\tailwind.config.js","all":true,"statementMap":{"0":{"start":{"line":1,"column":0},"end":{"line":1,"column":44}},"1":{"start":{"line":2,"column":0},"end":{"line":2,"column":17}},"2":{"start":{"line":3,"column":0},"end":{"line":3,"column":106}},"3":{"start":{"line":4,"column":0},"end":{"line":4,"column":10}},"4":{"start":{"line":5,"column":0},"end":{"line":5,"column":13}},"5":{"start":{"line":6,"column":0},"end":{"line":6,"column":19}},"6":{"start":{"line":7,"column":0},"end":{"line":7,"column":43}},"7":{"start":{"line":8,"column":0},"end":{"line":8,"column":8}},"8":{"start":{"line":9,"column":0},"end":{"line":9,"column":5}},"9":{"start":{"line":10,"column":0},"end":{"line":10,"column":4}},"10":{"start":{"line":11,"column":0},"end":{"line":11,"column":14}},"11":{"start":{"line":12,"column":0},"end":{"line":12,"column":1}}},"s":{"0":0,"1":0,"2":0,"3":0,"4":0,"5":0,"6":0,"7":0,"8":0,"9":0,"10":0,"11":0},"branchMap":{"0":{"type":"branch","line":1,"loc":{"start":{"line":1,"column":0},"end":{"line":12,"column":-13}},"locations":[{"start":{"line":1,"column":0},"end":{"line":12,"column":-13}}]}},"b":{"0":[0]},"fnMap":{"0":{"name":"(empty-report)","decl":{"start":{"line":1,"column":0},"end":{"line":12,"column":-13}},"loc":{"start":{"line":1,"column":0},"end":{"line":12,"column":-13}},"line":1}},"f":{"0":0}}
,"C:\\Users\\Wissen\\Downloads\\Frontend\\src\\App.tsx": {"path":"C:\\Users\\Wissen\\Downloads\\Frontend\\src\\App.tsx","all":true,"statementMap":{"0":{"start":{"line":1,"column":0},"end":{"line":1,"column":74}},"1":{"start":{"line":2,"column":0},"end":{"line":2,"column":40}},"2":{"start":{"line":3,"column":0},"end":{"line":3,"column":42}},"3":{"start":{"line":4,"column":0},"end":{"line":4,"column":58}},"4":{"start":{"line":5,"column":0},"end":{"line":5,"column":34}},"5":{"start":{"line":6,"column":0},"end":{"line":6,"column":52}},"6":{"start":{"line":7,"column":0},"end":{"line":7,"column":48}},"7":{"start":{"line":8,"column":0},"end":{"line":8,"column":47}},"10":{"start":{"line":11,"column":0},"end":{"line":11,"column":16}},"11":{"start":{"line":12,"column":0},"end":{"line":12,"column":10}},"12":{"start":{"line":13,"column":0},"end":{"line":13,"column":12}},"13":{"start":{"line":14,"column":0},"end":{"line":14,"column":14}},"14":{"start":{"line":15,"column":0},"end":{"line":15,"column":47}},"15":{"start":{"line":16,"column":0},"end":{"line":16,"column":58}},"16":{"start":{"line":17,"column":0},"end":{"line":17,"column":47}},"17":{"start":{"line":18,"column":0},"end":{"line":18,"column":57}},"18":{"start":{"line":19,"column":0},"end":{"line":19,"column":72}},"19":{"start":{"line":20,"column":0},"end":{"line":20,"column":61}},"21":{"start":{"line":22,"column":0},"end":{"line":22,"column":15}},"22":{"start":{"line":23,"column":0},"end":{"line":23,"column":13}},"24":{"start":{"line":25,"column":0},"end":{"line":25,"column":1}},"26":{"start":{"line":27,"column":0},"end":{"line":27,"column":19}}},"s":{"0":0,"1":0,"2":0,"3":0,"4":0,"5":0,"6":0,"7":0,"10":0,"11":0,"12":0,"13":0,"14":0,"15":0,"16":0,"17":0,"18":0,"19":0,"21":0,"22":0,"24":0,"26":0},"branchMap":{"0":{"type":"branch","line":1,"loc":{"start":{"line":1,"column":492},"end":{"line":27,"column":-494}},"locations":[{"start":{"line":1,"column":492},"end":{"line":27,"column":-494}}]}},"b":{"0":[0]},"fnMap":{"0":{"name":"(empty-report)","decl":{"start":{"line":1,"column":492},"end":{"line":27,"column":-494}},"loc":{"start":{"line":1,"column":492},"end":{"line":27,"column":-494}},"line":1}},"f":{"0":0}}
,"C:\\Users\\Wissen\\Downloads\\Frontend\\src\\main.tsx": {"path":"C:\\Users\\Wissen\\Downloads\\Frontend\\src\\main.tsx","all":true,"statementMap":{"1":{"start":{"line":2,"column":0},"end":{"line":2,"column":45}},"2":{"start":{"line":3,"column":0},"end":{"line":3,"column":20}},"3":{"start":{"line":4,"column":0},"end":{"line":4,"column":27}},"5":{"start":{"line":6,"column":0},"end":{"line":6,"column":52}},"6":{"start":{"line":7,"column":0},"end":{"line":7,"column":9}},"8":{"start":{"line":9,"column":0},"end":{"line":9,"column":1}}},"s":{"1":0,"2":0,"3":0,"5":0,"6":0,"8":0},"branchMap":{"0":{"type":"branch","line":1,"loc":{"start":{"line":1,"column":193},"end":{"line":9,"column":-115}},"locations":[{"start":{"line":1,"column":193},"end":{"line":9,"column":-115}}]}},"b":{"0":[1]},"fnMap":{"0":{"name":"(empty-report)","decl":{"start":{"line":1,"column":193},"end":{"line":9,"column":-115}},"loc":{"start":{"line":1,"column":193},"end":{"line":9,"column":-115}},"line":1}},"f":{"0":1}}
,"C:\\Users\\Wissen\\Downloads\\Frontend\\src\\api\\admin.ts": {"path":"C:\\Users\\Wissen\\Downloads\\Frontend\\src\\api\\admin.ts","all":false,"statementMap":{"8":{"start":{"line":9,"column":0},"end":{"line":9,"column":80}},"9":{"start":{"line":10,"column":0},"end":{"line":10,"column":100}},"10":{"start":{"line":11,"column":0},"end":{"line":11,"column":18}},"11":{"start":{"line":12,"column":0},"end":{"line":12,"column":14}},"12":{"start":{"line":13,"column":0},"end":{"line":13,"column":41}},"13":{"start":{"line":14,"column":0},"end":{"line":14,"column":6}},"14":{"start":{"line":15,"column":0},"end":{"line":15,"column":27}},"15":{"start":{"line":16,"column":0},"end":{"line":16,"column":5}},"17":{"start":{"line":18,"column":0},"end":{"line":18,"column":21}},"18":{"start":{"line":19,"column":0},"end":{"line":19,"column":60}},"19":{"start":{"line":20,"column":0},"end":{"line":20,"column":3}},"21":{"start":{"line":22,"column":0},"end":{"line":22,"column":25}},"22":{"start":{"line":23,"column":0},"end":{"line":23,"column":2}},"29":{"start":{"line":30,"column":0},"end":{"line":30,"column":65}},"30":{"start":{"line":31,"column":0},"end":{"line":31,"column":79}},"31":{"start":{"line":32,"column":0},"end":{"line":32,"column":18}},"32":{"start":{"line":33,"column":0},"end":{"line":33,"column":14}},"33":{"start":{"line":34,"column":0},"end":{"line":34,"column":41}},"34":{"start":{"line":35,"column":0},"end":{"line":35,"column":6}},"35":{"start":{"line":36,"column":0},"end":{"line":36,"column":27}},"36":{"start":{"line":37,"column":0},"end":{"line":37,"column":5}},"38":{"start":{"line":39,"column":0},"end":{"line":39,"column":21}},"39":{"start":{"line":40,"column":0},"end":{"line":40,"column":51}},"40":{"start":{"line":41,"column":0},"end":{"line":41,"column":3}},"42":{"start":{"line":43,"column":0},"end":{"line":43,"column":31}},"43":{"start":{"line":44,"column":0},"end":{"line":44,"column":2}},"52":{"start":{"line":53,"column":0},"end":{"line":53,"column":100}},"53":{"start":{"line":54,"column":0},"end":{"line":54,"column":90}},"54":{"start":{"line":55,"column":0},"end":{"line":55,"column":18}},"55":{"start":{"line":56,"column":0},"end":{"line":56,"column":14}},"56":{"start":{"line":57,"column":0},"end":{"line":57,"column":41}},"57":{"start":{"line":58,"column":0},"end":{"line":58,"column":6}},"58":{"start":{"line":59,"column":0},"end":{"line":59,"column":26}},"59":{"start":{"line":60,"column":0},"end":{"line":60,"column":26}},"60":{"start":{"line":61,"column":0},"end":{"line":61,"column":7}},"61":{"start":{"line":62,"column":0},"end":{"line":62,"column":27}},"62":{"start":{"line":63,"column":0},"end":{"line":63,"column":5}},"64":{"start":{"line":65,"column":0},"end":{"line":65,"column":21}},"65":{"start":{"line":66,"column":0},"end":{"line":66,"column":58}},"66":{"start":{"line":67,"column":0},"end":{"line":67,"column":3}},"68":{"start":{"line":69,"column":0},"end":{"line":69,"column":31}},"69":{"start":{"line":70,"column":0},"end":{"line":70,"column":2}}},"s":{"8":1,"9":3,"10":3,"11":3,"12":3,"13":3,"14":3,"15":3,"17":3,"18":1,"19":1,"21":1,"22":1,"29":1,"30":4,"31":4,"32":4,"33":4,"34":4,"35":4,"36":4,"38":4,"39":1,"40":1,"42":2,"43":2,"52":1,"53":2,"54":2,"55":2,"56":2,"57":2,"58":2,"59":2,"60":2,"61":2,"62":2,"64":2,"65":1,"66":1,"68":1,"69":1},"branchMap":{"0":{"type":"branch","line":9,"loc":{"start":{"line":9,"column":26},"end":{"line":23,"column":2}},"locations":[{"start":{"line":9,"column":26},"end":{"line":23,"column":2}}]},"1":{"type":"branch","line":16,"loc":{"start":{"line":16,"column":3},"end":{"line":18,"column":20}},"locations":[{"start":{"line":16,"column":3},"end":{"line":18,"column":20}}]},"2":{"type":"branch","line":18,"loc":{"start":{"line":18,"column":20},"end":{"line":23,"column":2}},"locations":[{"start":{"line":18,"column":20},"end":{"line":23,"column":2}}]},"3":{"type":"branch","line":30,"loc":{"start":{"line":30,"column":33},"end":{"line":44,"column":2}},"locations":[{"start":{"line":30,"column":33},"end":{"line":44,"column":2}}]},"4":{"type":"branch","line":37,"loc":{"start":{"line":37,"column":3},"end":{"line":39,"column":20}},"locations":[{"start":{"line":37,"column":3},"end":{"line":39,"column":20}}]},"5":{"type":"branch","line":39,"loc":{"start":{"line":39,"column":20},"end":{"line":41,"column":3}},"locations":[{"start":{"line":39,"column":20},"end":{"line":41,"column":3}}]},"6":{"type":"branch","line":41,"loc":{"start":{"line":41,"column":2},"end":{"line":44,"column":2}},"locations":[{"start":{"line":41,"column":2},"end":{"line":44,"column":2}}]},"7":{"type":"branch","line":53,"loc":{"start":{"line":53,"column":38},"end":{"line":70,"column":2}},"locations":[{"start":{"line":53,"column":38},"end":{"line":70,"column":2}}]},"8":{"type":"branch","line":65,"loc":{"start":{"line":65,"column":20},"end":{"line":70,"column":2}},"locations":[{"start":{"line":65,"column":20},"end":{"line":70,"column":2}}]}},"b":{"0":[3],"1":[2],"2":[1],"3":[4],"4":[3],"5":[1],"6":[2],"7":[2],"8":[1]},"fnMap":{"0":{"name":"fetchUsers","decl":{"start":{"line":9,"column":26},"end":{"line":23,"column":2}},"loc":{"start":{"line":9,"column":26},"end":{"line":23,"column":2}},"line":9},"1":{"name":"getAllDepartments","decl":{"start":{"line":30,"column":33},"end":{"line":44,"column":2}},"loc":{"start":{"line":30,"column":33},"end":{"line":44,"column":2}},"line":30},"2":{"name":"updateDepartmentStatus","decl":{"start":{"line":53,"column":38},"end":{"line":70,"column":2}},"loc":{"start":{"line":53,"column":38},"end":{"line":70,"column":2}},"line":53}},"f":{"0":3,"1":4,"2":2}}
,"C:\\Users\\Wissen\\Downloads\\Frontend\\src\\api\\attachment.ts": {"path":"C:\\Users\\Wissen\\Downloads\\Frontend\\src\\api\\attachment.ts","all":false,"statementMap":{"20":{"start":{"line":21,"column":0},"end":{"line":21,"column":92}},"21":{"start":{"line":22,"column":0},"end":{"line":22,"column":7}},"22":{"start":{"line":23,"column":0},"end":{"line":23,"column":87}},"23":{"start":{"line":24,"column":0},"end":{"line":24,"column":20}},"24":{"start":{"line":25,"column":0},"end":{"line":25,"column":16}},"25":{"start":{"line":26,"column":0},"end":{"line":26,"column":43}},"26":{"start":{"line":27,"column":0},"end":{"line":27,"column":8}},"27":{"start":{"line":28,"column":0},"end":{"line":28,"column":29}},"28":{"start":{"line":29,"column":0},"end":{"line":29,"column":7}},"30":{"start":{"line":31,"column":0},"end":{"line":31,"column":22}},"31":{"start":{"line":32,"column":0},"end":{"line":32,"column":35}},"32":{"start":{"line":33,"column":0},"end":{"line":33,"column":12}},"33":{"start":{"line":34,"column":0},"end":{"line":34,"column":77}},"34":{"start":{"line":35,"column":0},"end":{"line":35,"column":16}},"35":{"start":{"line":36,"column":0},"end":{"line":36,"column":5}},"36":{"start":{"line":37,"column":0},"end":{"line":37,"column":19}},"37":{"start":{"line":38,"column":0},"end":{"line":38,"column":56}},"38":{"start":{"line":39,"column":0},"end":{"line":39,"column":16}},"39":{"start":{"line":40,"column":0},"end":{"line":40,"column":3}},"40":{"start":{"line":41,"column":0},"end":{"line":41,"column":2}},"49":{"start":{"line":50,"column":0},"end":{"line":50,"column":94}},"50":{"start":{"line":51,"column":0},"end":{"line":51,"column":34}},"51":{"start":{"line":52,"column":0},"end":{"line":52,"column":32}},"52":{"start":{"line":53,"column":0},"end":{"line":53,"column":40}},"54":{"start":{"line":55,"column":0},"end":{"line":55,"column":7}},"55":{"start":{"line":56,"column":0},"end":{"line":56,"column":82}},"56":{"start":{"line":57,"column":0},"end":{"line":57,"column":21}},"57":{"start":{"line":58,"column":0},"end":{"line":58,"column":21}},"58":{"start":{"line":59,"column":0},"end":{"line":59,"column":29}},"59":{"start":{"line":60,"column":0},"end":{"line":60,"column":7}},"61":{"start":{"line":62,"column":0},"end":{"line":62,"column":23}},"62":{"start":{"line":63,"column":0},"end":{"line":63,"column":47}},"63":{"start":{"line":64,"column":0},"end":{"line":64,"column":5}},"65":{"start":{"line":66,"column":0},"end":{"line":66,"column":33}},"66":{"start":{"line":67,"column":0},"end":{"line":67,"column":19}},"67":{"start":{"line":68,"column":0},"end":{"line":68,"column":42}},"68":{"start":{"line":69,"column":0},"end":{"line":69,"column":16}},"69":{"start":{"line":70,"column":0},"end":{"line":70,"column":3}},"70":{"start":{"line":71,"column":0},"end":{"line":71,"column":2}}},"s":{"20":1,"21":3,"22":3,"23":3,"24":3,"25":3,"26":3,"27":3,"28":3,"30":3,"31":1,"32":1,"33":1,"34":1,"35":1,"36":3,"37":1,"38":1,"39":1,"40":3,"49":1,"50":4,"51":4,"52":4,"54":4,"55":4,"56":4,"57":4,"58":4,"59":4,"61":4,"62":1,"63":1,"65":2,"66":2,"67":2,"68":2,"69":2,"70":4},"branchMap":{"0":{"type":"branch","line":21,"loc":{"start":{"line":21,"column":40},"end":{"line":41,"column":2}},"locations":[{"start":{"line":21,"column":40},"end":{"line":41,"column":2}}]},"1":{"type":"branch","line":29,"loc":{"start":{"line":29,"column":5},"end":{"line":31,"column":21}},"locations":[{"start":{"line":29,"column":5},"end":{"line":31,"column":21}}]},"2":{"type":"branch","line":31,"loc":{"start":{"line":31,"column":21},"end":{"line":36,"column":5}},"locations":[{"start":{"line":31,"column":21},"end":{"line":36,"column":5}}]},"3":{"type":"branch","line":37,"loc":{"start":{"line":37,"column":2},"end":{"line":40,"column":3}},"locations":[{"start":{"line":37,"column":2},"end":{"line":40,"column":3}}]},"4":{"type":"branch","line":50,"loc":{"start":{"line":50,"column":32},"end":{"line":71,"column":2}},"locations":[{"start":{"line":50,"column":32},"end":{"line":71,"column":2}}]},"5":{"type":"branch","line":60,"loc":{"start":{"line":60,"column":5},"end":{"line":62,"column":22}},"locations":[{"start":{"line":60,"column":5},"end":{"line":62,"column":22}}]},"6":{"type":"branch","line":62,"loc":{"start":{"line":62,"column":22},"end":{"line":64,"column":5}},"locations":[{"start":{"line":62,"column":22},"end":{"line":64,"column":5}}]},"7":{"type":"branch","line":64,"loc":{"start":{"line":64,"column":4},"end":{"line":70,"column":3}},"locations":[{"start":{"line":64,"column":4},"end":{"line":70,"column":3}}]}},"b":{"0":[3],"1":[2],"2":[1],"3":[1],"4":[4],"5":[3],"6":[1],"7":[2]},"fnMap":{"0":{"name":"getAttachmentsByTicketId","decl":{"start":{"line":21,"column":40},"end":{"line":41,"column":2}},"loc":{"start":{"line":21,"column":40},"end":{"line":41,"column":2}},"line":21},"1":{"name":"uploadAttachment","decl":{"start":{"line":50,"column":32},"end":{"line":71,"column":2}},"loc":{"start":{"line":50,"column":32},"end":{"line":71,"column":2}},"line":50}},"f":{"0":3,"1":4}}
,"C:\\Users\\Wissen\\Downloads\\Frontend\\src\\api\\comments.ts": {"path":"C:\\Users\\Wissen\\Downloads\\Frontend\\src\\api\\comments.ts","all":false,"statementMap":{"26":{"start":{"line":27,"column":0},"end":{"line":27,"column":58}},"34":{"start":{"line":35,"column":0},"end":{"line":35,"column":94}},"35":{"start":{"line":36,"column":0},"end":{"line":36,"column":7}},"36":{"start":{"line":37,"column":0},"end":{"line":37,"column":65}},"37":{"start":{"line":38,"column":0},"end":{"line":38,"column":20}},"38":{"start":{"line":39,"column":0},"end":{"line":39,"column":16}},"39":{"start":{"line":40,"column":0},"end":{"line":40,"column":43}},"40":{"start":{"line":41,"column":0},"end":{"line":41,"column":8}},"41":{"start":{"line":42,"column":0},"end":{"line":42,"column":29}},"42":{"start":{"line":43,"column":0},"end":{"line":43,"column":7}},"44":{"start":{"line":45,"column":0},"end":{"line":45,"column":22}},"45":{"start":{"line":46,"column":0},"end":{"line":46,"column":35}},"46":{"start":{"line":47,"column":0},"end":{"line":47,"column":12}},"47":{"start":{"line":48,"column":0},"end":{"line":48,"column":74}},"48":{"start":{"line":49,"column":0},"end":{"line":49,"column":16}},"49":{"start":{"line":50,"column":0},"end":{"line":50,"column":5}},"50":{"start":{"line":51,"column":0},"end":{"line":51,"column":19}},"51":{"start":{"line":52,"column":0},"end":{"line":52,"column":53}},"52":{"start":{"line":53,"column":0},"end":{"line":53,"column":16}},"53":{"start":{"line":54,"column":0},"end":{"line":54,"column":3}},"54":{"start":{"line":55,"column":0},"end":{"line":55,"column":2}},"63":{"start":{"line":64,"column":0},"end":{"line":64,"column":111}},"64":{"start":{"line":65,"column":0},"end":{"line":65,"column":7}},"65":{"start":{"line":66,"column":0},"end":{"line":66,"column":69}},"66":{"start":{"line":67,"column":0},"end":{"line":67,"column":21}},"67":{"start":{"line":68,"column":0},"end":{"line":68,"column":16}},"68":{"start":{"line":69,"column":0},"end":{"line":69,"column":43}},"69":{"start":{"line":70,"column":0},"end":{"line":70,"column":8}},"70":{"start":{"line":71,"column":0},"end":{"line":71,"column":39}},"71":{"start":{"line":72,"column":0},"end":{"line":72,"column":29}},"72":{"start":{"line":73,"column":0},"end":{"line":73,"column":7}},"74":{"start":{"line":75,"column":0},"end":{"line":75,"column":22}},"75":{"start":{"line":76,"column":0},"end":{"line":76,"column":35}},"76":{"start":{"line":77,"column":0},"end":{"line":77,"column":12}},"77":{"start":{"line":78,"column":0},"end":{"line":78,"column":71}},"78":{"start":{"line":79,"column":0},"end":{"line":79,"column":47}},"79":{"start":{"line":80,"column":0},"end":{"line":80,"column":5}},"80":{"start":{"line":81,"column":0},"end":{"line":81,"column":19}},"81":{"start":{"line":82,"column":0},"end":{"line":82,"column":50}},"82":{"start":{"line":83,"column":0},"end":{"line":83,"column":16}},"83":{"start":{"line":84,"column":0},"end":{"line":84,"column":3}},"84":{"start":{"line":85,"column":0},"end":{"line":85,"column":2}},"93":{"start":{"line":94,"column":0},"end":{"line":94,"column":119}},"94":{"start":{"line":95,"column":0},"end":{"line":95,"column":7}},"95":{"start":{"line":96,"column":0},"end":{"line":96,"column":71}},"96":{"start":{"line":97,"column":0},"end":{"line":97,"column":20}},"97":{"start":{"line":98,"column":0},"end":{"line":98,"column":16}},"98":{"start":{"line":99,"column":0},"end":{"line":99,"column":43}},"99":{"start":{"line":100,"column":0},"end":{"line":100,"column":8}},"100":{"start":{"line":101,"column":0},"end":{"line":101,"column":43}},"101":{"start":{"line":102,"column":0},"end":{"line":102,"column":29}},"102":{"start":{"line":103,"column":0},"end":{"line":103,"column":7}},"104":{"start":{"line":105,"column":0},"end":{"line":105,"column":22}},"105":{"start":{"line":106,"column":0},"end":{"line":106,"column":35}},"106":{"start":{"line":107,"column":0},"end":{"line":107,"column":12}},"107":{"start":{"line":108,"column":0},"end":{"line":108,"column":46}},"108":{"start":{"line":109,"column":0},"end":{"line":109,"column":57}},"109":{"start":{"line":110,"column":0},"end":{"line":110,"column":68}},"110":{"start":{"line":111,"column":0},"end":{"line":111,"column":5}},"111":{"start":{"line":112,"column":0},"end":{"line":112,"column":19}},"112":{"start":{"line":113,"column":0},"end":{"line":113,"column":51}},"113":{"start":{"line":114,"column":0},"end":{"line":114,"column":16}},"114":{"start":{"line":115,"column":0},"end":{"line":115,"column":3}},"115":{"start":{"line":116,"column":0},"end":{"line":116,"column":2}}},"s":{"26":1,"34":1,"35":3,"36":3,"37":3,"38":3,"39":3,"40":3,"41":3,"42":3,"44":3,"45":1,"46":1,"47":1,"48":1,"49":1,"50":3,"51":1,"52":1,"53":1,"54":3,"63":1,"64":2,"65":2,"66":2,"67":2,"68":2,"69":2,"70":2,"71":2,"72":2,"74":2,"75":1,"76":1,"77":1,"78":1,"79":1,"80":2,"81":1,"82":1,"83":1,"84":2,"93":1,"94":3,"95":3,"96":3,"97":3,"98":3,"99":3,"100":3,"101":3,"102":3,"104":3,"105":1,"106":1,"107":1,"108":1,"109":1,"110":1,"111":3,"112":2,"113":2,"114":2,"115":3},"branchMap":{"0":{"type":"branch","line":35,"loc":{"start":{"line":35,"column":39},"end":{"line":55,"column":2}},"locations":[{"start":{"line":35,"column":39},"end":{"line":55,"column":2}}]},"1":{"type":"branch","line":43,"loc":{"start":{"line":43,"column":5},"end":{"line":45,"column":21}},"locations":[{"start":{"line":43,"column":5},"end":{"line":45,"column":21}}]},"2":{"type":"branch","line":45,"loc":{"start":{"line":45,"column":21},"end":{"line":50,"column":5}},"locations":[{"start":{"line":45,"column":21},"end":{"line":50,"column":5}}]},"3":{"type":"branch","line":51,"loc":{"start":{"line":51,"column":2},"end":{"line":54,"column":3}},"locations":[{"start":{"line":51,"column":2},"end":{"line":54,"column":3}}]},"4":{"type":"branch","line":64,"loc":{"start":{"line":64,"column":34},"end":{"line":85,"column":2}},"locations":[{"start":{"line":64,"column":34},"end":{"line":85,"column":2}}]},"5":{"type":"branch","line":75,"loc":{"start":{"line":75,"column":21},"end":{"line":80,"column":5}},"locations":[{"start":{"line":75,"column":21},"end":{"line":80,"column":5}}]},"6":{"type":"branch","line":81,"loc":{"start":{"line":81,"column":2},"end":{"line":84,"column":3}},"locations":[{"start":{"line":81,"column":2},"end":{"line":84,"column":3}}]},"7":{"type":"branch","line":94,"loc":{"start":{"line":94,"column":33},"end":{"line":116,"column":2}},"locations":[{"start":{"line":94,"column":33},"end":{"line":116,"column":2}}]},"8":{"type":"branch","line":103,"loc":{"start":{"line":103,"column":5},"end":{"line":105,"column":21}},"locations":[{"start":{"line":103,"column":5},"end":{"line":105,"column":21}}]},"9":{"type":"branch","line":105,"loc":{"start":{"line":105,"column":21},"end":{"line":111,"column":5}},"locations":[{"start":{"line":105,"column":21},"end":{"line":111,"column":5}}]},"10":{"type":"branch","line":110,"loc":{"start":{"line":110,"column":32},"end":{"line":110,"column":66}},"locations":[{"start":{"line":110,"column":32},"end":{"line":110,"column":66}}]},"11":{"type":"branch","line":112,"loc":{"start":{"line":112,"column":2},"end":{"line":115,"column":3}},"locations":[{"start":{"line":112,"column":2},"end":{"line":115,"column":3}}]}},"b":{"0":[3],"1":[2],"2":[1],"3":[1],"4":[2],"5":[1],"6":[1],"7":[3],"8":[2],"9":[1],"10":[0],"11":[2]},"fnMap":{"0":{"name":"fetchCommentsByTicketId","decl":{"start":{"line":35,"column":39},"end":{"line":55,"column":2}},"loc":{"start":{"line":35,"column":39},"end":{"line":55,"column":2}},"line":35},"1":{"name":"addCommentToTicket","decl":{"start":{"line":64,"column":34},"end":{"line":85,"column":2}},"loc":{"start":{"line":64,"column":34},"end":{"line":85,"column":2}},"line":64},"2":{"name":"editTicketComment","decl":{"start":{"line":94,"column":33},"end":{"line":116,"column":2}},"loc":{"start":{"line":94,"column":33},"end":{"line":116,"column":2}},"line":94}},"f":{"0":3,"1":2,"2":3}}
,"C:\\Users\\Wissen\\Downloads\\Frontend\\src\\api\\getUser.ts": {"path":"C:\\Users\\Wissen\\Downloads\\Frontend\\src\\api\\getUser.ts","all":false,"statementMap":{"13":{"start":{"line":14,"column":0},"end":{"line":14,"column":63}},"14":{"start":{"line":15,"column":0},"end":{"line":15,"column":50}},"15":{"start":{"line":16,"column":0},"end":{"line":16,"column":52}},"16":{"start":{"line":17,"column":0},"end":{"line":17,"column":92}},"18":{"start":{"line":19,"column":0},"end":{"line":19,"column":34}},"19":{"start":{"line":20,"column":0},"end":{"line":20,"column":12}},"20":{"start":{"line":21,"column":0},"end":{"line":21,"column":23}},"21":{"start":{"line":22,"column":0},"end":{"line":22,"column":25}},"22":{"start":{"line":23,"column":0},"end":{"line":23,"column":43}},"23":{"start":{"line":24,"column":0},"end":{"line":24,"column":6}},"24":{"start":{"line":25,"column":0},"end":{"line":25,"column":3}},"26":{"start":{"line":27,"column":0},"end":{"line":27,"column":7}},"27":{"start":{"line":28,"column":0},"end":{"line":28,"column":64}},"28":{"start":{"line":29,"column":0},"end":{"line":29,"column":20}},"29":{"start":{"line":30,"column":0},"end":{"line":30,"column":16}},"30":{"start":{"line":31,"column":0},"end":{"line":31,"column":43}},"31":{"start":{"line":32,"column":0},"end":{"line":32,"column":8}},"32":{"start":{"line":33,"column":0},"end":{"line":33,"column":29}},"33":{"start":{"line":34,"column":0},"end":{"line":34,"column":10}},"35":{"start":{"line":36,"column":0},"end":{"line":36,"column":23}},"36":{"start":{"line":37,"column":0},"end":{"line":37,"column":51}},"37":{"start":{"line":38,"column":0},"end":{"line":38,"column":5}},"39":{"start":{"line":40,"column":0},"end":{"line":40,"column":43}},"41":{"start":{"line":42,"column":0},"end":{"line":42,"column":48}},"42":{"start":{"line":43,"column":0},"end":{"line":43,"column":50}},"44":{"start":{"line":45,"column":0},"end":{"line":45,"column":44}},"45":{"start":{"line":46,"column":0},"end":{"line":46,"column":52}},"46":{"start":{"line":47,"column":0},"end":{"line":47,"column":51}},"47":{"start":{"line":48,"column":0},"end":{"line":48,"column":52}},"48":{"start":{"line":49,"column":0},"end":{"line":49,"column":5}},"50":{"start":{"line":51,"column":0},"end":{"line":51,"column":93}},"51":{"start":{"line":52,"column":0},"end":{"line":52,"column":19}},"52":{"start":{"line":53,"column":0},"end":{"line":53,"column":54}},"53":{"start":{"line":54,"column":0},"end":{"line":54,"column":16}},"54":{"start":{"line":55,"column":0},"end":{"line":55,"column":3}},"55":{"start":{"line":56,"column":0},"end":{"line":56,"column":2}}},"s":{"13":1,"14":6,"15":6,"16":6,"18":6,"19":1,"20":1,"21":1,"22":1,"23":1,"24":1,"26":5,"27":5,"28":5,"29":5,"30":5,"31":5,"32":5,"33":5,"35":6,"36":1,"37":1,"39":3,"41":3,"42":3,"44":6,"45":2,"46":6,"47":1,"48":1,"50":3,"51":6,"52":2,"53":2,"54":2,"55":6},"branchMap":{"0":{"type":"branch","line":14,"loc":{"start":{"line":14,"column":23},"end":{"line":56,"column":2}},"locations":[{"start":{"line":14,"column":23},"end":{"line":56,"column":2}}]},"1":{"type":"branch","line":19,"loc":{"start":{"line":19,"column":6},"end":{"line":19,"column":33}},"locations":[{"start":{"line":19,"column":6},"end":{"line":19,"column":33}}]},"2":{"type":"branch","line":19,"loc":{"start":{"line":19,"column":33},"end":{"line":25,"column":3}},"locations":[{"start":{"line":19,"column":33},"end":{"line":25,"column":3}}]},"3":{"type":"branch","line":23,"loc":{"start":{"line":23,"column":19},"end":{"line":23,"column":43}},"locations":[{"start":{"line":23,"column":19},"end":{"line":23,"column":43}}]},"4":{"type":"branch","line":25,"loc":{"start":{"line":25,"column":2},"end":{"line":34,"column":10}},"locations":[{"start":{"line":25,"column":2},"end":{"line":34,"column":10}}]},"5":{"type":"branch","line":34,"loc":{"start":{"line":34,"column":8},"end":{"line":36,"column":22}},"locations":[{"start":{"line":34,"column":8},"end":{"line":36,"column":22}}]},"6":{"type":"branch","line":36,"loc":{"start":{"line":36,"column":22},"end":{"line":38,"column":5}},"locations":[{"start":{"line":36,"column":22},"end":{"line":38,"column":5}}]},"7":{"type":"branch","line":38,"loc":{"start":{"line":38,"column":4},"end":{"line":45,"column":43}},"locations":[{"start":{"line":38,"column":4},"end":{"line":45,"column":43}}]},"8":{"type":"branch","line":45,"loc":{"start":{"line":45,"column":43},"end":{"line":47,"column":15}},"locations":[{"start":{"line":45,"column":43},"end":{"line":47,"column":15}}]},"9":{"type":"branch","line":47,"loc":{"start":{"line":47,"column":4},"end":{"line":49,"column":5}},"locations":[{"start":{"line":47,"column":4},"end":{"line":49,"column":5}}]},"10":{"type":"branch","line":49,"loc":{"start":{"line":49,"column":4},"end":{"line":52,"column":11}},"locations":[{"start":{"line":49,"column":4},"end":{"line":52,"column":11}}]},"11":{"type":"branch","line":52,"loc":{"start":{"line":52,"column":2},"end":{"line":55,"column":3}},"locations":[{"start":{"line":52,"column":2},"end":{"line":55,"column":3}}]}},"b":{"0":[6],"1":[1],"2":[1],"3":[0],"4":[5],"5":[4],"6":[1],"7":[3],"8":[2],"9":[1],"10":[3],"11":[2]},"fnMap":{"0":{"name":"getUser","decl":{"start":{"line":14,"column":23},"end":{"line":56,"column":2}},"loc":{"start":{"line":14,"column":23},"end":{"line":56,"column":2}},"line":14}},"f":{"0":6}}
,"C:\\Users\\Wissen\\Downloads\\Frontend\\src\\api\\getUserDepartment.ts": {"path":"C:\\Users\\Wissen\\Downloads\\Frontend\\src\\api\\getUserDepartment.ts","all":false,"statementMap":{"13":{"start":{"line":14,"column":0},"end":{"line":14,"column":99}},"14":{"start":{"line":15,"column":0},"end":{"line":15,"column":7}},"15":{"start":{"line":16,"column":0},"end":{"line":16,"column":92}},"16":{"start":{"line":17,"column":0},"end":{"line":17,"column":20}},"17":{"start":{"line":18,"column":0},"end":{"line":18,"column":16}},"18":{"start":{"line":19,"column":0},"end":{"line":19,"column":43}},"19":{"start":{"line":20,"column":0},"end":{"line":20,"column":8}},"20":{"start":{"line":21,"column":0},"end":{"line":21,"column":30}},"21":{"start":{"line":22,"column":0},"end":{"line":22,"column":7}},"23":{"start":{"line":24,"column":0},"end":{"line":24,"column":22}},"24":{"start":{"line":25,"column":0},"end":{"line":25,"column":41}},"25":{"start":{"line":26,"column":0},"end":{"line":26,"column":54}},"26":{"start":{"line":27,"column":0},"end":{"line":27,"column":41}},"27":{"start":{"line":28,"column":0},"end":{"line":28,"column":34}},"28":{"start":{"line":29,"column":0},"end":{"line":29,"column":12}},"29":{"start":{"line":30,"column":0},"end":{"line":30,"column":91}},"30":{"start":{"line":31,"column":0},"end":{"line":31,"column":34}},"31":{"start":{"line":32,"column":0},"end":{"line":32,"column":5}},"32":{"start":{"line":33,"column":0},"end":{"line":33,"column":19}},"33":{"start":{"line":34,"column":0},"end":{"line":34,"column":60}},"34":{"start":{"line":35,"column":0},"end":{"line":35,"column":32}},"35":{"start":{"line":36,"column":0},"end":{"line":36,"column":3}},"36":{"start":{"line":37,"column":0},"end":{"line":37,"column":2}},"43":{"start":{"line":44,"column":0},"end":{"line":44,"column":67}},"44":{"start":{"line":45,"column":0},"end":{"line":45,"column":7}},"45":{"start":{"line":46,"column":0},"end":{"line":46,"column":102}},"46":{"start":{"line":47,"column":0},"end":{"line":47,"column":20}},"47":{"start":{"line":48,"column":0},"end":{"line":48,"column":16}},"48":{"start":{"line":49,"column":0},"end":{"line":49,"column":43}},"49":{"start":{"line":50,"column":0},"end":{"line":50,"column":8}},"50":{"start":{"line":51,"column":0},"end":{"line":51,"column":30}},"51":{"start":{"line":52,"column":0},"end":{"line":52,"column":11}},"53":{"start":{"line":54,"column":0},"end":{"line":54,"column":22}},"54":{"start":{"line":55,"column":0},"end":{"line":55,"column":41}},"55":{"start":{"line":56,"column":0},"end":{"line":56,"column":24}},"56":{"start":{"line":57,"column":0},"end":{"line":57,"column":12}},"57":{"start":{"line":58,"column":0},"end":{"line":58,"column":57}},"58":{"start":{"line":59,"column":0},"end":{"line":59,"column":16}},"59":{"start":{"line":60,"column":0},"end":{"line":60,"column":5}},"60":{"start":{"line":61,"column":0},"end":{"line":61,"column":19}},"61":{"start":{"line":62,"column":0},"end":{"line":62,"column":64}},"62":{"start":{"line":63,"column":0},"end":{"line":63,"column":14}},"63":{"start":{"line":64,"column":0},"end":{"line":64,"column":3}},"64":{"start":{"line":65,"column":0},"end":{"line":65,"column":2}},"70":{"start":{"line":71,"column":0},"end":{"line":71,"column":45}},"71":{"start":{"line":72,"column":0},"end":{"line":72,"column":7}},"72":{"start":{"line":73,"column":0},"end":{"line":73,"column":74}},"73":{"start":{"line":74,"column":0},"end":{"line":74,"column":20}},"74":{"start":{"line":75,"column":0},"end":{"line":75,"column":16}},"75":{"start":{"line":76,"column":0},"end":{"line":76,"column":43}},"76":{"start":{"line":77,"column":0},"end":{"line":77,"column":8}},"77":{"start":{"line":78,"column":0},"end":{"line":78,"column":30}},"78":{"start":{"line":79,"column":0},"end":{"line":79,"column":11}},"80":{"start":{"line":81,"column":0},"end":{"line":81,"column":22}},"81":{"start":{"line":82,"column":0},"end":{"line":82,"column":41}},"82":{"start":{"line":83,"column":0},"end":{"line":83,"column":18}},"83":{"start":{"line":84,"column":0},"end":{"line":84,"column":12}},"84":{"start":{"line":85,"column":0},"end":{"line":85,"column":77}},"85":{"start":{"line":86,"column":0},"end":{"line":86,"column":16}},"86":{"start":{"line":87,"column":0},"end":{"line":87,"column":5}},"87":{"start":{"line":88,"column":0},"end":{"line":88,"column":19}},"88":{"start":{"line":89,"column":0},"end":{"line":89,"column":56}},"89":{"start":{"line":90,"column":0},"end":{"line":90,"column":14}},"90":{"start":{"line":91,"column":0},"end":{"line":91,"column":3}},"91":{"start":{"line":92,"column":0},"end":{"line":92,"column":2}}},"s":{"13":1,"14":4,"15":4,"16":4,"17":4,"18":4,"19":4,"20":4,"21":4,"23":4,"24":2,"25":2,"26":4,"27":1,"28":1,"29":0,"30":0,"31":0,"32":4,"33":1,"34":1,"35":1,"36":4,"43":1,"44":3,"45":3,"46":3,"47":3,"48":3,"49":3,"50":3,"51":3,"53":3,"54":1,"55":1,"56":1,"57":1,"58":1,"59":1,"60":3,"61":1,"62":1,"63":1,"64":3,"70":1,"71":3,"72":3,"73":3,"74":3,"75":3,"76":3,"77":3,"78":3,"80":3,"81":1,"82":1,"83":1,"84":1,"85":1,"86":1,"87":3,"88":1,"89":1,"90":1,"91":3},"branchMap":{"0":{"type":"branch","line":14,"loc":{"start":{"line":14,"column":33},"end":{"line":37,"column":2}},"locations":[{"start":{"line":14,"column":33},"end":{"line":37,"column":2}}]},"1":{"type":"branch","line":22,"loc":{"start":{"line":22,"column":5},"end":{"line":24,"column":21}},"locations":[{"start":{"line":22,"column":5},"end":{"line":24,"column":21}}]},"2":{"type":"branch","line":24,"loc":{"start":{"line":24,"column":21},"end":{"line":27,"column":15}},"locations":[{"start":{"line":24,"column":21},"end":{"line":27,"column":15}}]},"3":{"type":"branch","line":26,"loc":{"start":{"line":26,"column":33},"end":{"line":26,"column":52}},"locations":[{"start":{"line":26,"column":33},"end":{"line":26,"column":52}}]},"4":{"type":"branch","line":27,"loc":{"start":{"line":27,"column":4},"end":{"line":32,"column":5}},"locations":[{"start":{"line":27,"column":4},"end":{"line":32,"column":5}}]},"5":{"type":"branch","line":29,"loc":{"start":{"line":29,"column":4},"end":{"line":32,"column":5}},"locations":[{"start":{"line":29,"column":4},"end":{"line":32,"column":5}}]},"6":{"type":"branch","line":33,"loc":{"start":{"line":33,"column":2},"end":{"line":36,"column":3}},"locations":[{"start":{"line":33,"column":2},"end":{"line":36,"column":3}}]},"7":{"type":"branch","line":44,"loc":{"start":{"line":44,"column":36},"end":{"line":65,"column":2}},"locations":[{"start":{"line":44,"column":36},"end":{"line":65,"column":2}}]},"8":{"type":"branch","line":52,"loc":{"start":{"line":52,"column":9},"end":{"line":54,"column":21}},"locations":[{"start":{"line":52,"column":9},"end":{"line":54,"column":21}}]},"9":{"type":"branch","line":54,"loc":{"start":{"line":54,"column":21},"end":{"line":60,"column":5}},"locations":[{"start":{"line":54,"column":21},"end":{"line":60,"column":5}}]},"10":{"type":"branch","line":56,"loc":{"start":{"line":56,"column":13},"end":{"line":56,"column":24}},"locations":[{"start":{"line":56,"column":13},"end":{"line":56,"column":24}}]},"11":{"type":"branch","line":61,"loc":{"start":{"line":61,"column":2},"end":{"line":64,"column":3}},"locations":[{"start":{"line":61,"column":2},"end":{"line":64,"column":3}}]},"12":{"type":"branch","line":71,"loc":{"start":{"line":71,"column":32},"end":{"line":92,"column":2}},"locations":[{"start":{"line":71,"column":32},"end":{"line":92,"column":2}}]},"13":{"type":"branch","line":79,"loc":{"start":{"line":79,"column":9},"end":{"line":81,"column":21}},"locations":[{"start":{"line":79,"column":9},"end":{"line":81,"column":21}}]},"14":{"type":"branch","line":81,"loc":{"start":{"line":81,"column":21},"end":{"line":87,"column":5}},"locations":[{"start":{"line":81,"column":21},"end":{"line":87,"column":5}}]},"15":{"type":"branch","line":88,"loc":{"start":{"line":88,"column":2},"end":{"line":91,"column":3}},"locations":[{"start":{"line":88,"column":2},"end":{"line":91,"column":3}}]}},"b":{"0":[4],"1":[3],"2":[2],"3":[1],"4":[1],"5":[0],"6":[1],"7":[3],"8":[2],"9":[1],"10":[0],"11":[1],"12":[3],"13":[2],"14":[1],"15":[1]},"fnMap":{"0":{"name":"getUserDepartment","decl":{"start":{"line":14,"column":33},"end":{"line":37,"column":2}},"loc":{"start":{"line":14,"column":33},"end":{"line":37,"column":2}},"line":14},"1":{"name":"getUsersOfDepartment","decl":{"start":{"line":44,"column":36},"end":{"line":65,"column":2}},"loc":{"start":{"line":44,"column":36},"end":{"line":65,"column":2}},"line":44},"2":{"name":"fetchDepartments","decl":{"start":{"line":71,"column":32},"end":{"line":92,"column":2}},"loc":{"start":{"line":71,"column":32},"end":{"line":92,"column":2}},"line":71}},"f":{"0":4,"1":3,"2":3}}
,"C:\\Users\\Wissen\\Downloads\\Frontend\\src\\api\\notification.ts": {"path":"C:\\Users\\Wissen\\Downloads\\Frontend\\src\\api\\notification.ts","all":false,"statementMap":{"13":{"start":{"line":14,"column":0},"end":{"line":14,"column":61}},"14":{"start":{"line":15,"column":0},"end":{"line":15,"column":7}},"15":{"start":{"line":16,"column":0},"end":{"line":16,"column":100}},"16":{"start":{"line":17,"column":0},"end":{"line":17,"column":20}},"17":{"start":{"line":18,"column":0},"end":{"line":18,"column":16}},"18":{"start":{"line":19,"column":0},"end":{"line":19,"column":43}},"19":{"start":{"line":20,"column":0},"end":{"line":20,"column":8}},"20":{"start":{"line":21,"column":0},"end":{"line":21,"column":43}},"21":{"start":{"line":22,"column":0},"end":{"line":22,"column":29}},"22":{"start":{"line":23,"column":0},"end":{"line":23,"column":7}},"24":{"start":{"line":25,"column":0},"end":{"line":25,"column":22}},"25":{"start":{"line":26,"column":0},"end":{"line":26,"column":41}},"26":{"start":{"line":27,"column":0},"end":{"line":27,"column":18}},"27":{"start":{"line":28,"column":0},"end":{"line":28,"column":12}},"28":{"start":{"line":29,"column":0},"end":{"line":29,"column":61}},"29":{"start":{"line":30,"column":0},"end":{"line":30,"column":5}},"30":{"start":{"line":31,"column":0},"end":{"line":31,"column":19}},"31":{"start":{"line":32,"column":0},"end":{"line":32,"column":64}},"32":{"start":{"line":33,"column":0},"end":{"line":33,"column":16}},"33":{"start":{"line":34,"column":0},"end":{"line":34,"column":3}},"34":{"start":{"line":35,"column":0},"end":{"line":35,"column":2}},"41":{"start":{"line":42,"column":0},"end":{"line":42,"column":90}},"42":{"start":{"line":43,"column":0},"end":{"line":43,"column":7}},"43":{"start":{"line":44,"column":0},"end":{"line":44,"column":86}},"44":{"start":{"line":45,"column":0},"end":{"line":45,"column":20}},"45":{"start":{"line":46,"column":0},"end":{"line":46,"column":16}},"46":{"start":{"line":47,"column":0},"end":{"line":47,"column":43}},"47":{"start":{"line":48,"column":0},"end":{"line":48,"column":8}},"48":{"start":{"line":49,"column":0},"end":{"line":49,"column":29}},"49":{"start":{"line":50,"column":0},"end":{"line":50,"column":7}},"51":{"start":{"line":52,"column":0},"end":{"line":52,"column":23}},"52":{"start":{"line":53,"column":0},"end":{"line":53,"column":55}},"53":{"start":{"line":54,"column":0},"end":{"line":54,"column":5}},"55":{"start":{"line":56,"column":0},"end":{"line":56,"column":39}},"57":{"start":{"line":58,"column":0},"end":{"line":58,"column":9}},"58":{"start":{"line":59,"column":0},"end":{"line":59,"column":36}},"59":{"start":{"line":60,"column":0},"end":{"line":60,"column":18}},"60":{"start":{"line":61,"column":0},"end":{"line":61,"column":26}},"61":{"start":{"line":62,"column":0},"end":{"line":62,"column":63}},"62":{"start":{"line":63,"column":0},"end":{"line":63,"column":5}},"63":{"start":{"line":64,"column":0},"end":{"line":64,"column":19}},"64":{"start":{"line":65,"column":0},"end":{"line":65,"column":58}},"65":{"start":{"line":66,"column":0},"end":{"line":66,"column":16}},"66":{"start":{"line":67,"column":0},"end":{"line":67,"column":3}},"67":{"start":{"line":68,"column":0},"end":{"line":68,"column":2}}},"s":{"13":1,"14":3,"15":3,"16":3,"17":3,"18":3,"19":3,"20":3,"21":3,"22":3,"24":3,"25":1,"26":1,"27":1,"28":1,"29":1,"30":3,"31":2,"32":2,"33":2,"34":3,"41":1,"42":5,"43":5,"44":5,"45":5,"46":5,"47":5,"48":5,"49":5,"51":5,"52":1,"53":1,"55":3,"57":3,"58":3,"59":3,"60":5,"61":0,"62":0,"63":5,"64":2,"65":2,"66":2,"67":5},"branchMap":{"0":{"type":"branch","line":14,"loc":{"start":{"line":14,"column":26},"end":{"line":35,"column":2}},"locations":[{"start":{"line":14,"column":26},"end":{"line":35,"column":2}}]},"1":{"type":"branch","line":23,"loc":{"start":{"line":23,"column":5},"end":{"line":25,"column":21}},"locations":[{"start":{"line":23,"column":5},"end":{"line":25,"column":21}}]},"2":{"type":"branch","line":25,"loc":{"start":{"line":25,"column":21},"end":{"line":30,"column":5}},"locations":[{"start":{"line":25,"column":21},"end":{"line":30,"column":5}}]},"3":{"type":"branch","line":31,"loc":{"start":{"line":31,"column":2},"end":{"line":34,"column":3}},"locations":[{"start":{"line":31,"column":2},"end":{"line":34,"column":3}}]},"4":{"type":"branch","line":42,"loc":{"start":{"line":42,"column":39},"end":{"line":68,"column":2}},"locations":[{"start":{"line":42,"column":39},"end":{"line":68,"column":2}}]},"5":{"type":"branch","line":50,"loc":{"start":{"line":50,"column":5},"end":{"line":52,"column":22}},"locations":[{"start":{"line":50,"column":5},"end":{"line":52,"column":22}}]},"6":{"type":"branch","line":52,"loc":{"start":{"line":52,"column":22},"end":{"line":54,"column":5}},"locations":[{"start":{"line":52,"column":22},"end":{"line":54,"column":5}}]},"7":{"type":"branch","line":54,"loc":{"start":{"line":54,"column":4},"end":{"line":61,"column":13}},"locations":[{"start":{"line":54,"column":4},"end":{"line":61,"column":13}}]},"8":{"type":"branch","line":61,"loc":{"start":{"line":61,"column":4},"end":{"line":63,"column":5}},"locations":[{"start":{"line":61,"column":4},"end":{"line":63,"column":5}}]},"9":{"type":"branch","line":64,"loc":{"start":{"line":64,"column":2},"end":{"line":67,"column":3}},"locations":[{"start":{"line":64,"column":2},"end":{"line":67,"column":3}}]}},"b":{"0":[3],"1":[2],"2":[1],"3":[2],"4":[5],"5":[4],"6":[1],"7":[3],"8":[0],"9":[2]},"fnMap":{"0":{"name":"markAsRead","decl":{"start":{"line":14,"column":26},"end":{"line":35,"column":2}},"loc":{"start":{"line":14,"column":26},"end":{"line":35,"column":2}},"line":14},"1":{"name":"getNotificationsByEmail","decl":{"start":{"line":42,"column":39},"end":{"line":68,"column":2}},"loc":{"start":{"line":42,"column":39},"end":{"line":68,"column":2}},"line":42}},"f":{"0":3,"1":5}}
,"C:\\Users\\Wissen\\Downloads\\Frontend\\src\\api\\ticketApi.ts": {"path":"C:\\Users\\Wissen\\Downloads\\Frontend\\src\\api\\ticketApi.ts","all":false,"statementMap":{"0":{"start":{"line":1,"column":0},"end":{"line":1,"column":33}},"30":{"start":{"line":31,"column":0},"end":{"line":31,"column":91}},"31":{"start":{"line":32,"column":0},"end":{"line":32,"column":90}},"32":{"start":{"line":33,"column":0},"end":{"line":33,"column":18}},"33":{"start":{"line":34,"column":0},"end":{"line":34,"column":52}},"34":{"start":{"line":35,"column":0},"end":{"line":35,"column":27}},"35":{"start":{"line":36,"column":0},"end":{"line":36,"column":34}},"36":{"start":{"line":37,"column":0},"end":{"line":37,"column":5}},"38":{"start":{"line":39,"column":0},"end":{"line":39,"column":21}},"39":{"start":{"line":40,"column":0},"end":{"line":40,"column":49}},"40":{"start":{"line":41,"column":0},"end":{"line":41,"column":3}},"42":{"start":{"line":43,"column":0},"end":{"line":43,"column":25}},"43":{"start":{"line":44,"column":0},"end":{"line":44,"column":2}},"46":{"start":{"line":47,"column":0},"end":{"line":47,"column":63}},"47":{"start":{"line":48,"column":0},"end":{"line":48,"column":7}},"48":{"start":{"line":49,"column":0},"end":{"line":49,"column":90}},"49":{"start":{"line":50,"column":0},"end":{"line":50,"column":20}},"50":{"start":{"line":51,"column":0},"end":{"line":51,"column":54}},"51":{"start":{"line":52,"column":0},"end":{"line":52,"column":29}},"52":{"start":{"line":53,"column":0},"end":{"line":53,"column":7}},"54":{"start":{"line":55,"column":0},"end":{"line":55,"column":22}},"55":{"start":{"line":56,"column":0},"end":{"line":56,"column":35}},"56":{"start":{"line":57,"column":0},"end":{"line":57,"column":12}},"57":{"start":{"line":58,"column":0},"end":{"line":58,"column":93}},"58":{"start":{"line":59,"column":0},"end":{"line":59,"column":16}},"59":{"start":{"line":60,"column":0},"end":{"line":60,"column":5}},"60":{"start":{"line":61,"column":0},"end":{"line":61,"column":17}},"61":{"start":{"line":62,"column":0},"end":{"line":62,"column":61}},"62":{"start":{"line":63,"column":0},"end":{"line":63,"column":14}},"63":{"start":{"line":64,"column":0},"end":{"line":64,"column":3}},"64":{"start":{"line":65,"column":0},"end":{"line":65,"column":2}},"67":{"start":{"line":68,"column":0},"end":{"line":68,"column":81}},"68":{"start":{"line":69,"column":0},"end":{"line":69,"column":85}},"69":{"start":{"line":70,"column":0},"end":{"line":70,"column":18}},"70":{"start":{"line":71,"column":0},"end":{"line":71,"column":14}},"71":{"start":{"line":72,"column":0},"end":{"line":72,"column":41}},"72":{"start":{"line":73,"column":0},"end":{"line":73,"column":6}},"73":{"start":{"line":74,"column":0},"end":{"line":74,"column":5}},"75":{"start":{"line":76,"column":0},"end":{"line":76,"column":21}},"76":{"start":{"line":77,"column":0},"end":{"line":77,"column":89}},"77":{"start":{"line":78,"column":0},"end":{"line":78,"column":3}},"79":{"start":{"line":80,"column":0},"end":{"line":80,"column":47}},"80":{"start":{"line":81,"column":0},"end":{"line":81,"column":14}},"81":{"start":{"line":82,"column":0},"end":{"line":82,"column":2}},"85":{"start":{"line":86,"column":0},"end":{"line":86,"column":95}},"86":{"start":{"line":87,"column":0},"end":{"line":87,"column":29}},"88":{"start":{"line":89,"column":0},"end":{"line":89,"column":7}},"89":{"start":{"line":90,"column":0},"end":{"line":90,"column":96}},"90":{"start":{"line":91,"column":0},"end":{"line":91,"column":20}},"91":{"start":{"line":92,"column":0},"end":{"line":92,"column":54}},"92":{"start":{"line":93,"column":0},"end":{"line":93,"column":29}},"93":{"start":{"line":94,"column":0},"end":{"line":94,"column":7}},"95":{"start":{"line":96,"column":0},"end":{"line":96,"column":23}},"96":{"start":{"line":97,"column":0},"end":{"line":97,"column":45}},"97":{"start":{"line":98,"column":0},"end":{"line":98,"column":64}},"98":{"start":{"line":99,"column":0},"end":{"line":99,"column":5}},"100":{"start":{"line":101,"column":0},"end":{"line":101,"column":33}},"101":{"start":{"line":102,"column":0},"end":{"line":102,"column":19}},"102":{"start":{"line":103,"column":0},"end":{"line":103,"column":52}},"103":{"start":{"line":104,"column":0},"end":{"line":104,"column":14}},"104":{"start":{"line":105,"column":0},"end":{"line":105,"column":3}},"105":{"start":{"line":106,"column":0},"end":{"line":106,"column":2}},"108":{"start":{"line":109,"column":0},"end":{"line":109,"column":64}},"109":{"start":{"line":110,"column":0},"end":{"line":110,"column":7}},"110":{"start":{"line":111,"column":0},"end":{"line":111,"column":71}},"111":{"start":{"line":112,"column":0},"end":{"line":112,"column":21}},"112":{"start":{"line":113,"column":0},"end":{"line":113,"column":54}},"113":{"start":{"line":114,"column":0},"end":{"line":114,"column":35}},"114":{"start":{"line":115,"column":0},"end":{"line":115,"column":29}},"115":{"start":{"line":116,"column":0},"end":{"line":116,"column":7}},"117":{"start":{"line":118,"column":0},"end":{"line":118,"column":22}},"118":{"start":{"line":119,"column":0},"end":{"line":119,"column":35}},"119":{"start":{"line":120,"column":0},"end":{"line":120,"column":12}},"120":{"start":{"line":121,"column":0},"end":{"line":121,"column":77}},"121":{"start":{"line":122,"column":0},"end":{"line":122,"column":5}},"122":{"start":{"line":123,"column":0},"end":{"line":123,"column":19}},"123":{"start":{"line":124,"column":0},"end":{"line":124,"column":51}},"124":{"start":{"line":125,"column":0},"end":{"line":125,"column":16}},"125":{"start":{"line":126,"column":0},"end":{"line":126,"column":3}},"126":{"start":{"line":127,"column":0},"end":{"line":127,"column":2}},"129":{"start":{"line":130,"column":0},"end":{"line":130,"column":62}},"130":{"start":{"line":131,"column":0},"end":{"line":131,"column":7}},"131":{"start":{"line":132,"column":0},"end":{"line":132,"column":88}},"132":{"start":{"line":133,"column":0},"end":{"line":133,"column":20}},"133":{"start":{"line":134,"column":0},"end":{"line":134,"column":54}},"134":{"start":{"line":135,"column":0},"end":{"line":135,"column":29}},"135":{"start":{"line":136,"column":0},"end":{"line":136,"column":7}},"137":{"start":{"line":138,"column":0},"end":{"line":138,"column":22}},"138":{"start":{"line":139,"column":0},"end":{"line":139,"column":35}},"139":{"start":{"line":140,"column":0},"end":{"line":140,"column":12}},"140":{"start":{"line":141,"column":0},"end":{"line":141,"column":95}},"141":{"start":{"line":142,"column":0},"end":{"line":142,"column":16}},"142":{"start":{"line":143,"column":0},"end":{"line":143,"column":5}},"143":{"start":{"line":144,"column":0},"end":{"line":144,"column":17}},"144":{"start":{"line":145,"column":0},"end":{"line":145,"column":60}},"145":{"start":{"line":146,"column":0},"end":{"line":146,"column":14}},"146":{"start":{"line":147,"column":0},"end":{"line":147,"column":3}},"147":{"start":{"line":148,"column":0},"end":{"line":148,"column":2}},"150":{"start":{"line":151,"column":0},"end":{"line":151,"column":52}},"151":{"start":{"line":152,"column":0},"end":{"line":152,"column":7}},"152":{"start":{"line":153,"column":0},"end":{"line":153,"column":78}},"153":{"start":{"line":154,"column":0},"end":{"line":154,"column":20}},"154":{"start":{"line":155,"column":0},"end":{"line":155,"column":54}},"155":{"start":{"line":156,"column":0},"end":{"line":156,"column":29}},"156":{"start":{"line":157,"column":0},"end":{"line":157,"column":7}},"158":{"start":{"line":159,"column":0},"end":{"line":159,"column":22}},"159":{"start":{"line":160,"column":0},"end":{"line":160,"column":35}},"160":{"start":{"line":161,"column":0},"end":{"line":161,"column":12}},"161":{"start":{"line":162,"column":0},"end":{"line":162,"column":88}},"162":{"start":{"line":163,"column":0},"end":{"line":163,"column":16}},"163":{"start":{"line":164,"column":0},"end":{"line":164,"column":5}},"164":{"start":{"line":165,"column":0},"end":{"line":165,"column":17}},"165":{"start":{"line":166,"column":0},"end":{"line":166,"column":65}},"166":{"start":{"line":167,"column":0},"end":{"line":167,"column":14}},"167":{"start":{"line":168,"column":0},"end":{"line":168,"column":3}},"168":{"start":{"line":169,"column":0},"end":{"line":169,"column":2}},"171":{"start":{"line":172,"column":0},"end":{"line":172,"column":97}},"172":{"start":{"line":173,"column":0},"end":{"line":173,"column":7}},"173":{"start":{"line":174,"column":0},"end":{"line":174,"column":33}},"174":{"start":{"line":175,"column":0},"end":{"line":175,"column":112}},"175":{"start":{"line":176,"column":0},"end":{"line":176,"column":7}},"176":{"start":{"line":177,"column":0},"end":{"line":177,"column":22}},"177":{"start":{"line":178,"column":0},"end":{"line":178,"column":56}},"178":{"start":{"line":179,"column":0},"end":{"line":179,"column":31}},"179":{"start":{"line":180,"column":0},"end":{"line":180,"column":7}},"180":{"start":{"line":181,"column":0},"end":{"line":181,"column":6}},"182":{"start":{"line":183,"column":0},"end":{"line":183,"column":23}},"183":{"start":{"line":184,"column":0},"end":{"line":184,"column":77}},"184":{"start":{"line":185,"column":0},"end":{"line":185,"column":5}},"186":{"start":{"line":187,"column":0},"end":{"line":187,"column":33}},"187":{"start":{"line":188,"column":0},"end":{"line":188,"column":19}},"188":{"start":{"line":189,"column":0},"end":{"line":189,"column":52}},"189":{"start":{"line":190,"column":0},"end":{"line":190,"column":16}},"190":{"start":{"line":191,"column":0},"end":{"line":191,"column":3}},"191":{"start":{"line":192,"column":0},"end":{"line":192,"column":2}},"194":{"start":{"line":195,"column":0},"end":{"line":195,"column":66}},"195":{"start":{"line":196,"column":0},"end":{"line":196,"column":7}},"196":{"start":{"line":197,"column":0},"end":{"line":197,"column":99}},"197":{"start":{"line":198,"column":0},"end":{"line":198,"column":20}},"198":{"start":{"line":199,"column":0},"end":{"line":199,"column":54}},"199":{"start":{"line":200,"column":0},"end":{"line":200,"column":29}},"200":{"start":{"line":201,"column":0},"end":{"line":201,"column":7}},"202":{"start":{"line":203,"column":0},"end":{"line":203,"column":22}},"203":{"start":{"line":204,"column":0},"end":{"line":204,"column":35}},"204":{"start":{"line":205,"column":0},"end":{"line":205,"column":12}},"205":{"start":{"line":206,"column":0},"end":{"line":206,"column":87}},"206":{"start":{"line":207,"column":0},"end":{"line":207,"column":16}},"207":{"start":{"line":208,"column":0},"end":{"line":208,"column":5}},"208":{"start":{"line":209,"column":0},"end":{"line":209,"column":19}},"209":{"start":{"line":210,"column":0},"end":{"line":210,"column":66}},"210":{"start":{"line":211,"column":0},"end":{"line":211,"column":14}},"211":{"start":{"line":212,"column":0},"end":{"line":212,"column":3}},"212":{"start":{"line":213,"column":0},"end":{"line":213,"column":2}},"215":{"start":{"line":216,"column":0},"end":{"line":216,"column":56}},"216":{"start":{"line":217,"column":0},"end":{"line":217,"column":7}},"217":{"start":{"line":218,"column":0},"end":{"line":218,"column":89}},"218":{"start":{"line":219,"column":0},"end":{"line":219,"column":20}},"219":{"start":{"line":220,"column":0},"end":{"line":220,"column":54}},"220":{"start":{"line":221,"column":0},"end":{"line":221,"column":29}},"221":{"start":{"line":222,"column":0},"end":{"line":222,"column":7}},"223":{"start":{"line":224,"column":0},"end":{"line":224,"column":22}},"224":{"start":{"line":225,"column":0},"end":{"line":225,"column":35}},"225":{"start":{"line":226,"column":0},"end":{"line":226,"column":12}},"226":{"start":{"line":227,"column":0},"end":{"line":227,"column":48}},"227":{"start":{"line":228,"column":0},"end":{"line":228,"column":5}},"228":{"start":{"line":229,"column":0},"end":{"line":229,"column":19}},"229":{"start":{"line":230,"column":0},"end":{"line":230,"column":50}},"230":{"start":{"line":231,"column":0},"end":{"line":231,"column":16}},"231":{"start":{"line":232,"column":0},"end":{"line":232,"column":3}},"232":{"start":{"line":233,"column":0},"end":{"line":233,"column":2}},"235":{"start":{"line":236,"column":0},"end":{"line":236,"column":57}},"236":{"start":{"line":237,"column":0},"end":{"line":237,"column":7}},"237":{"start":{"line":238,"column":0},"end":{"line":238,"column":90}},"238":{"start":{"line":239,"column":0},"end":{"line":239,"column":20}},"239":{"start":{"line":240,"column":0},"end":{"line":240,"column":54}},"240":{"start":{"line":241,"column":0},"end":{"line":241,"column":29}},"241":{"start":{"line":242,"column":0},"end":{"line":242,"column":7}},"243":{"start":{"line":244,"column":0},"end":{"line":244,"column":22}},"244":{"start":{"line":245,"column":0},"end":{"line":245,"column":35}},"245":{"start":{"line":246,"column":0},"end":{"line":246,"column":12}},"246":{"start":{"line":247,"column":0},"end":{"line":247,"column":49}},"247":{"start":{"line":248,"column":0},"end":{"line":248,"column":5}},"248":{"start":{"line":249,"column":0},"end":{"line":249,"column":19}},"249":{"start":{"line":250,"column":0},"end":{"line":250,"column":52}},"250":{"start":{"line":251,"column":0},"end":{"line":251,"column":16}},"251":{"start":{"line":252,"column":0},"end":{"line":252,"column":3}},"252":{"start":{"line":253,"column":0},"end":{"line":253,"column":2}},"255":{"start":{"line":256,"column":0},"end":{"line":256,"column":77}},"256":{"start":{"line":257,"column":0},"end":{"line":257,"column":81}},"257":{"start":{"line":258,"column":0},"end":{"line":258,"column":18}},"258":{"start":{"line":259,"column":0},"end":{"line":259,"column":52}},"259":{"start":{"line":260,"column":0},"end":{"line":260,"column":27}},"260":{"start":{"line":261,"column":0},"end":{"line":261,"column":5}},"262":{"start":{"line":263,"column":0},"end":{"line":263,"column":21}},"263":{"start":{"line":264,"column":0},"end":{"line":264,"column":46}},"264":{"start":{"line":265,"column":0},"end":{"line":265,"column":3}},"266":{"start":{"line":267,"column":0},"end":{"line":267,"column":31}},"267":{"start":{"line":268,"column":0},"end":{"line":268,"column":2}},"270":{"start":{"line":271,"column":0},"end":{"line":271,"column":32}},"271":{"start":{"line":272,"column":0},"end":{"line":272,"column":60}},"273":{"start":{"line":274,"column":0},"end":{"line":274,"column":53}},"274":{"start":{"line":275,"column":0},"end":{"line":275,"column":9}},"275":{"start":{"line":276,"column":0},"end":{"line":276,"column":85}},"276":{"start":{"line":277,"column":0},"end":{"line":277,"column":22}},"277":{"start":{"line":278,"column":0},"end":{"line":278,"column":56}},"278":{"start":{"line":279,"column":0},"end":{"line":279,"column":31}},"279":{"start":{"line":280,"column":0},"end":{"line":280,"column":9}},"281":{"start":{"line":282,"column":0},"end":{"line":282,"column":25}},"282":{"start":{"line":283,"column":0},"end":{"line":283,"column":44}},"283":{"start":{"line":284,"column":0},"end":{"line":284,"column":7}},"285":{"start":{"line":286,"column":0},"end":{"line":286,"column":41}},"286":{"start":{"line":287,"column":0},"end":{"line":287,"column":22}},"287":{"start":{"line":288,"column":0},"end":{"line":288,"column":21}},"288":{"start":{"line":289,"column":0},"end":{"line":289,"column":59}},"289":{"start":{"line":290,"column":0},"end":{"line":290,"column":18}},"290":{"start":{"line":291,"column":0},"end":{"line":291,"column":5}},"291":{"start":{"line":292,"column":0},"end":{"line":292,"column":4}},"293":{"start":{"line":294,"column":0},"end":{"line":294,"column":35}},"294":{"start":{"line":295,"column":0},"end":{"line":295,"column":2}},"297":{"start":{"line":298,"column":0},"end":{"line":298,"column":62}},"298":{"start":{"line":299,"column":0},"end":{"line":299,"column":7}},"299":{"start":{"line":300,"column":0},"end":{"line":300,"column":89}},"300":{"start":{"line":301,"column":0},"end":{"line":301,"column":20}},"301":{"start":{"line":302,"column":0},"end":{"line":302,"column":54}},"302":{"start":{"line":303,"column":0},"end":{"line":303,"column":29}},"303":{"start":{"line":304,"column":0},"end":{"line":304,"column":7}},"305":{"start":{"line":306,"column":0},"end":{"line":306,"column":22}},"306":{"start":{"line":307,"column":0},"end":{"line":307,"column":35}},"307":{"start":{"line":308,"column":0},"end":{"line":308,"column":12}},"308":{"start":{"line":309,"column":0},"end":{"line":309,"column":82}},"309":{"start":{"line":310,"column":0},"end":{"line":310,"column":16}},"310":{"start":{"line":311,"column":0},"end":{"line":311,"column":5}},"311":{"start":{"line":312,"column":0},"end":{"line":312,"column":19}},"312":{"start":{"line":313,"column":0},"end":{"line":313,"column":61}},"313":{"start":{"line":314,"column":0},"end":{"line":314,"column":14}},"314":{"start":{"line":315,"column":0},"end":{"line":315,"column":3}},"315":{"start":{"line":316,"column":0},"end":{"line":316,"column":2}}},"s":{"0":1,"30":1,"31":2,"32":2,"33":2,"34":2,"35":2,"36":2,"38":2,"39":1,"40":1,"42":1,"43":1,"46":1,"47":2,"48":2,"49":2,"50":2,"51":2,"52":2,"54":2,"55":1,"56":1,"57":1,"58":1,"59":1,"60":2,"61":0,"62":0,"63":0,"64":2,"67":1,"68":0,"69":0,"70":0,"71":0,"72":0,"73":0,"75":0,"76":0,"77":0,"79":0,"80":0,"81":0,"85":1,"86":4,"88":2,"89":2,"90":2,"91":2,"92":2,"93":2,"95":4,"96":1,"97":0,"98":0,"100":1,"101":4,"102":0,"103":0,"104":0,"105":4,"108":1,"109":2,"110":2,"111":2,"112":2,"113":2,"114":2,"115":2,"117":2,"118":1,"119":1,"120":1,"121":1,"122":2,"123":1,"124":1,"125":1,"126":2,"129":1,"130":2,"131":2,"132":2,"133":2,"134":2,"135":2,"137":2,"138":1,"139":1,"140":1,"141":1,"142":1,"143":2,"144":0,"145":0,"146":0,"147":2,"150":1,"151":0,"152":0,"153":0,"154":0,"155":0,"156":0,"158":0,"159":0,"160":0,"161":0,"162":0,"163":0,"164":0,"165":0,"166":0,"167":0,"168":0,"171":1,"172":2,"173":2,"174":2,"175":2,"176":2,"177":2,"178":2,"179":2,"180":2,"182":2,"183":1,"184":1,"186":1,"187":1,"188":1,"189":1,"190":1,"191":2,"194":1,"195":0,"196":0,"197":0,"198":0,"199":0,"200":0,"202":0,"203":0,"204":0,"205":0,"206":0,"207":0,"208":0,"209":0,"210":0,"211":0,"212":0,"215":1,"216":2,"217":2,"218":2,"219":2,"220":2,"221":2,"223":2,"224":1,"225":1,"226":1,"227":1,"228":2,"229":1,"230":1,"231":1,"232":2,"235":1,"236":2,"237":2,"238":2,"239":2,"240":2,"241":2,"243":2,"244":1,"245":1,"246":1,"247":1,"248":2,"249":1,"250":1,"251":1,"252":2,"255":1,"256":3,"257":3,"258":3,"259":3,"260":3,"262":3,"263":2,"264":2,"266":1,"267":1,"270":1,"271":4,"273":4,"274":2,"275":2,"276":2,"277":2,"278":2,"279":2,"281":2,"282":1,"283":1,"285":1,"286":1,"287":1,"288":1,"289":1,"290":1,"291":2,"293":4,"294":4,"297":1,"298":3,"299":3,"300":3,"301":3,"302":3,"303":3,"305":3,"306":1,"307":3,"308":2,"309":2,"310":2,"311":3,"312":0,"313":0,"314":0,"315":3},"branchMap":{"0":{"type":"branch","line":31,"loc":{"start":{"line":31,"column":30},"end":{"line":44,"column":2}},"locations":[{"start":{"line":31,"column":30},"end":{"line":44,"column":2}}]},"1":{"type":"branch","line":39,"loc":{"start":{"line":39,"column":20},"end":{"line":44,"column":2}},"locations":[{"start":{"line":39,"column":20},"end":{"line":44,"column":2}}]},"2":{"type":"branch","line":47,"loc":{"start":{"line":47,"column":37},"end":{"line":65,"column":2}},"locations":[{"start":{"line":47,"column":37},"end":{"line":65,"column":2}}]},"3":{"type":"branch","line":55,"loc":{"start":{"line":55,"column":21},"end":{"line":60,"column":5}},"locations":[{"start":{"line":55,"column":21},"end":{"line":60,"column":5}}]},"4":{"type":"branch","line":61,"loc":{"start":{"line":61,"column":2},"end":{"line":64,"column":3}},"locations":[{"start":{"line":61,"column":2},"end":{"line":64,"column":3}}]},"5":{"type":"branch","line":86,"loc":{"start":{"line":86,"column":38},"end":{"line":106,"column":2}},"locations":[{"start":{"line":86,"column":38},"end":{"line":106,"column":2}}]},"6":{"type":"branch","line":87,"loc":{"start":{"line":87,"column":19},"end":{"line":96,"column":22}},"locations":[{"start":{"line":87,"column":19},"end":{"line":96,"column":22}}]},"7":{"type":"branch","line":96,"loc":{"start":{"line":96,"column":22},"end":{"line":102,"column":11}},"locations":[{"start":{"line":96,"column":22},"end":{"line":102,"column":11}}]},"8":{"type":"branch","line":97,"loc":{"start":{"line":97,"column":43},"end":{"line":99,"column":5}},"locations":[{"start":{"line":97,"column":43},"end":{"line":99,"column":5}}]},"9":{"type":"branch","line":102,"loc":{"start":{"line":102,"column":2},"end":{"line":105,"column":3}},"locations":[{"start":{"line":102,"column":2},"end":{"line":105,"column":3}}]},"10":{"type":"branch","line":109,"loc":{"start":{"line":109,"column":28},"end":{"line":127,"column":2}},"locations":[{"start":{"line":109,"column":28},"end":{"line":127,"column":2}}]},"11":{"type":"branch","line":118,"loc":{"start":{"line":118,"column":21},"end":{"line":122,"column":5}},"locations":[{"start":{"line":118,"column":21},"end":{"line":122,"column":5}}]},"12":{"type":"branch","line":123,"loc":{"start":{"line":123,"column":2},"end":{"line":126,"column":3}},"locations":[{"start":{"line":123,"column":2},"end":{"line":126,"column":3}}]},"13":{"type":"branch","line":130,"loc":{"start":{"line":130,"column":35},"end":{"line":148,"column":2}},"locations":[{"start":{"line":130,"column":35},"end":{"line":148,"column":2}}]},"14":{"type":"branch","line":138,"loc":{"start":{"line":138,"column":21},"end":{"line":143,"column":5}},"locations":[{"start":{"line":138,"column":21},"end":{"line":143,"column":5}}]},"15":{"type":"branch","line":144,"loc":{"start":{"line":144,"column":2},"end":{"line":147,"column":3}},"locations":[{"start":{"line":144,"column":2},"end":{"line":147,"column":3}}]},"16":{"type":"branch","line":172,"loc":{"start":{"line":172,"column":28},"end":{"line":192,"column":2}},"locations":[{"start":{"line":172,"column":28},"end":{"line":192,"column":2}}]},"17":{"type":"branch","line":183,"loc":{"start":{"line":183,"column":22},"end":{"line":191,"column":3}},"locations":[{"start":{"line":183,"column":22},"end":{"line":191,"column":3}}]},"18":{"type":"branch","line":216,"loc":{"start":{"line":216,"column":27},"end":{"line":233,"column":2}},"locations":[{"start":{"line":216,"column":27},"end":{"line":233,"column":2}}]},"19":{"type":"branch","line":224,"loc":{"start":{"line":224,"column":21},"end":{"line":228,"column":5}},"locations":[{"start":{"line":224,"column":21},"end":{"line":228,"column":5}}]},"20":{"type":"branch","line":229,"loc":{"start":{"line":229,"column":2},"end":{"line":232,"column":3}},"locations":[{"start":{"line":229,"column":2},"end":{"line":232,"column":3}}]},"21":{"type":"branch","line":236,"loc":{"start":{"line":236,"column":28},"end":{"line":253,"column":2}},"locations":[{"start":{"line":236,"column":28},"end":{"line":253,"column":2}}]},"22":{"type":"branch","line":244,"loc":{"start":{"line":244,"column":21},"end":{"line":248,"column":5}},"locations":[{"start":{"line":244,"column":21},"end":{"line":248,"column":5}}]},"23":{"type":"branch","line":249,"loc":{"start":{"line":249,"column":2},"end":{"line":252,"column":3}},"locations":[{"start":{"line":249,"column":2},"end":{"line":252,"column":3}}]},"24":{"type":"branch","line":256,"loc":{"start":{"line":256,"column":31},"end":{"line":268,"column":2}},"locations":[{"start":{"line":256,"column":31},"end":{"line":268,"column":2}}]},"25":{"type":"branch","line":263,"loc":{"start":{"line":263,"column":20},"end":{"line":265,"column":3}},"locations":[{"start":{"line":263,"column":20},"end":{"line":265,"column":3}}]},"26":{"type":"branch","line":265,"loc":{"start":{"line":265,"column":2},"end":{"line":268,"column":2}},"locations":[{"start":{"line":265,"column":2},"end":{"line":268,"column":2}}]},"27":{"type":"branch","line":271,"loc":{"start":{"line":271,"column":25},"end":{"line":295,"column":2}},"locations":[{"start":{"line":271,"column":25},"end":{"line":295,"column":2}}]},"28":{"type":"branch","line":274,"loc":{"start":{"line":274,"column":24},"end":{"line":292,"column":4}},"locations":[{"start":{"line":274,"column":24},"end":{"line":292,"column":4}}]},"29":{"type":"branch","line":282,"loc":{"start":{"line":282,"column":24},"end":{"line":291,"column":5}},"locations":[{"start":{"line":282,"column":24},"end":{"line":291,"column":5}}]},"30":{"type":"branch","line":298,"loc":{"start":{"line":298,"column":36},"end":{"line":316,"column":2}},"locations":[{"start":{"line":298,"column":36},"end":{"line":316,"column":2}}]},"31":{"type":"branch","line":306,"loc":{"start":{"line":306,"column":21},"end":{"line":308,"column":11}},"locations":[{"start":{"line":306,"column":21},"end":{"line":308,"column":11}}]},"32":{"type":"branch","line":308,"loc":{"start":{"line":308,"column":4},"end":{"line":311,"column":5}},"locations":[{"start":{"line":308,"column":4},"end":{"line":311,"column":5}}]},"33":{"type":"branch","line":312,"loc":{"start":{"line":312,"column":2},"end":{"line":315,"column":3}},"locations":[{"start":{"line":312,"column":2},"end":{"line":315,"column":3}}]}},"b":{"0":[2],"1":[1],"2":[2],"3":[1],"4":[0],"5":[4],"6":[2],"7":[1],"8":[0],"9":[0],"10":[2],"11":[1],"12":[1],"13":[2],"14":[1],"15":[0],"16":[2],"17":[1],"18":[2],"19":[1],"20":[1],"21":[2],"22":[1],"23":[1],"24":[3],"25":[2],"26":[1],"27":[4],"28":[2],"29":[1],"30":[3],"31":[1],"32":[2],"33":[0]},"fnMap":{"0":{"name":"transferTicket","decl":{"start":{"line":31,"column":30},"end":{"line":44,"column":2}},"loc":{"start":{"line":31,"column":30},"end":{"line":44,"column":2}},"line":31},"1":{"name":"getTicketsByCreatedBy","decl":{"start":{"line":47,"column":37},"end":{"line":65,"column":2}},"loc":{"start":{"line":47,"column":37},"end":{"line":65,"column":2}},"line":47},"2":{"name":"getTicketsInProgress","decl":{"start":{"line":68,"column":36},"end":{"line":82,"column":2}},"loc":{"start":{"line":68,"column":36},"end":{"line":82,"column":2}},"line":68},"3":{"name":"getTicketsByDepartment","decl":{"start":{"line":86,"column":38},"end":{"line":106,"column":2}},"loc":{"start":{"line":86,"column":38},"end":{"line":106,"column":2}},"line":86},"4":{"name":"createTicket","decl":{"start":{"line":109,"column":28},"end":{"line":127,"column":2}},"loc":{"start":{"line":109,"column":28},"end":{"line":127,"column":2}},"line":109},"5":{"name":"fetchTicketByStatus","decl":{"start":{"line":130,"column":35},"end":{"line":148,"column":2}},"loc":{"start":{"line":130,"column":35},"end":{"line":148,"column":2}},"line":130},"6":{"name":"fetchTicketUniqueStatus","decl":{"start":{"line":151,"column":39},"end":{"line":169,"column":2}},"loc":{"start":{"line":151,"column":39},"end":{"line":169,"column":2}},"line":151},"7":{"name":"assignTicket","decl":{"start":{"line":172,"column":28},"end":{"line":192,"column":2}},"loc":{"start":{"line":172,"column":28},"end":{"line":192,"column":2}},"line":172},"8":{"name":"getCommentsByTicketId","decl":{"start":{"line":195,"column":37},"end":{"line":213,"column":2}},"loc":{"start":{"line":195,"column":37},"end":{"line":213,"column":2}},"line":195},"9":{"name":"closeTicket","decl":{"start":{"line":216,"column":27},"end":{"line":233,"column":2}},"loc":{"start":{"line":216,"column":27},"end":{"line":233,"column":2}},"line":216},"10":{"name":"reopenTicket","decl":{"start":{"line":236,"column":28},"end":{"line":253,"column":2}},"loc":{"start":{"line":236,"column":28},"end":{"line":253,"column":2}},"line":236},"11":{"name":"fetchTicketById","decl":{"start":{"line":256,"column":31},"end":{"line":268,"column":2}},"loc":{"start":{"line":256,"column":31},"end":{"line":268,"column":2}},"line":256},"12":{"name":"useTicket","decl":{"start":{"line":271,"column":25},"end":{"line":295,"column":2}},"loc":{"start":{"line":271,"column":25},"end":{"line":295,"column":2}},"line":271},"13":{"name":"getTicketById","decl":{"start":{"line":274,"column":24},"end":{"line":292,"column":4}},"loc":{"start":{"line":274,"column":24},"end":{"line":292,"column":4}},"line":274},"14":{"name":"getTicketsAssignedTo","decl":{"start":{"line":298,"column":36},"end":{"line":316,"column":2}},"loc":{"start":{"line":298,"column":36},"end":{"line":316,"column":2}},"line":298}},"f":{"0":2,"1":2,"2":0,"3":4,"4":2,"5":2,"6":0,"7":2,"8":0,"9":2,"10":2,"11":3,"12":4,"13":2,"14":3}}
,"C:\\Users\\Wissen\\Downloads\\Frontend\\src\\api\\useTicketForm.ts": {"path":"C:\\Users\\Wissen\\Downloads\\Frontend\\src\\api\\useTicketForm.ts","all":false,"statementMap":{"0":{"start":{"line":1,"column":0},"end":{"line":1,"column":33}},"7":{"start":{"line":8,"column":0},"end":{"line":8,"column":46}},"8":{"start":{"line":9,"column":0},"end":{"line":9,"column":15}},"9":{"start":{"line":10,"column":0},"end":{"line":10,"column":12}},"10":{"start":{"line":11,"column":0},"end":{"line":11,"column":18}},"11":{"start":{"line":12,"column":0},"end":{"line":12,"column":17}},"12":{"start":{"line":13,"column":0},"end":{"line":13,"column":15}},"13":{"start":{"line":14,"column":0},"end":{"line":14,"column":14}},"14":{"start":{"line":15,"column":0},"end":{"line":15,"column":35}},"15":{"start":{"line":16,"column":0},"end":{"line":16,"column":7}},"16":{"start":{"line":17,"column":0},"end":{"line":17,"column":59}},"21":{"start":{"line":22,"column":0},"end":{"line":22,"column":29}},"22":{"start":{"line":23,"column":0},"end":{"line":23,"column":84}},"23":{"start":{"line":24,"column":0},"end":{"line":24,"column":8}},"24":{"start":{"line":25,"column":0},"end":{"line":25,"column":37}},"25":{"start":{"line":26,"column":0},"end":{"line":26,"column":22}},"27":{"start":{"line":28,"column":0},"end":{"line":28,"column":40}},"28":{"start":{"line":29,"column":0},"end":{"line":29,"column":47}},"30":{"start":{"line":31,"column":0},"end":{"line":31,"column":29}},"31":{"start":{"line":32,"column":0},"end":{"line":32,"column":47}},"33":{"start":{"line":34,"column":0},"end":{"line":34,"column":54}},"35":{"start":{"line":36,"column":0},"end":{"line":36,"column":35}},"36":{"start":{"line":37,"column":0},"end":{"line":37,"column":20}},"37":{"start":{"line":38,"column":0},"end":{"line":38,"column":20}},"38":{"start":{"line":39,"column":0},"end":{"line":39,"column":23}},"39":{"start":{"line":40,"column":0},"end":{"line":40,"column":8}},"40":{"start":{"line":41,"column":0},"end":{"line":41,"column":4}},"45":{"start":{"line":46,"column":0},"end":{"line":46,"column":72}},"46":{"start":{"line":47,"column":0},"end":{"line":47,"column":45}},"48":{"start":{"line":49,"column":0},"end":{"line":49,"column":35}},"49":{"start":{"line":50,"column":0},"end":{"line":50,"column":20}},"50":{"start":{"line":51,"column":0},"end":{"line":51,"column":24}},"51":{"start":{"line":52,"column":0},"end":{"line":52,"column":8}},"52":{"start":{"line":53,"column":0},"end":{"line":53,"column":4}},"57":{"start":{"line":58,"column":0},"end":{"line":58,"column":27}},"58":{"start":{"line":59,"column":0},"end":{"line":59,"column":31}},"59":{"start":{"line":60,"column":0},"end":{"line":60,"column":4}},"61":{"start":{"line":62,"column":0},"end":{"line":62,"column":10}},"62":{"start":{"line":63,"column":0},"end":{"line":63,"column":14}},"63":{"start":{"line":64,"column":0},"end":{"line":64,"column":22}},"64":{"start":{"line":65,"column":0},"end":{"line":65,"column":21}},"65":{"start":{"line":66,"column":0},"end":{"line":66,"column":14}},"66":{"start":{"line":67,"column":0},"end":{"line":67,"column":17}},"67":{"start":{"line":68,"column":0},"end":{"line":68,"column":4}},"68":{"start":{"line":69,"column":0},"end":{"line":69,"column":2}},"76":{"start":{"line":77,"column":0},"end":{"line":77,"column":89}},"77":{"start":{"line":78,"column":0},"end":{"line":78,"column":96}},"78":{"start":{"line":79,"column":0},"end":{"line":79,"column":19}},"79":{"start":{"line":80,"column":0},"end":{"line":80,"column":52}},"80":{"start":{"line":81,"column":0},"end":{"line":81,"column":43}},"81":{"start":{"line":82,"column":0},"end":{"line":82,"column":5}},"83":{"start":{"line":84,"column":0},"end":{"line":84,"column":21}},"84":{"start":{"line":85,"column":0},"end":{"line":85,"column":49}},"85":{"start":{"line":86,"column":0},"end":{"line":86,"column":3}},"87":{"start":{"line":88,"column":0},"end":{"line":88,"column":18}},"88":{"start":{"line":89,"column":0},"end":{"line":89,"column":2}}},"s":{"0":1,"7":1,"8":17,"9":17,"10":17,"11":17,"12":17,"13":17,"14":17,"15":17,"16":17,"21":17,"22":6,"23":6,"24":6,"25":6,"27":6,"28":4,"30":6,"31":6,"33":6,"35":6,"36":6,"37":6,"38":6,"39":6,"40":6,"45":17,"46":2,"48":2,"49":2,"50":2,"51":2,"52":2,"57":17,"58":1,"59":1,"61":17,"62":17,"63":17,"64":17,"65":17,"66":17,"67":17,"68":17,"76":1,"77":0,"78":0,"79":0,"80":0,"81":0,"83":0,"84":0,"85":0,"87":0,"88":0},"branchMap":{"0":{"type":"branch","line":8,"loc":{"start":{"line":8,"column":29},"end":{"line":69,"column":2}},"locations":[{"start":{"line":8,"column":29},"end":{"line":69,"column":2}}]},"1":{"type":"branch","line":22,"loc":{"start":{"line":22,"column":28},"end":{"line":41,"column":4}},"locations":[{"start":{"line":22,"column":28},"end":{"line":41,"column":4}}]},"2":{"type":"branch","line":28,"loc":{"start":{"line":28,"column":26},"end":{"line":28,"column":40}},"locations":[{"start":{"line":28,"column":26},"end":{"line":28,"column":40}}]},"3":{"type":"branch","line":28,"loc":{"start":{"line":28,"column":38},"end":{"line":29,"column":47}},"locations":[{"start":{"line":28,"column":38},"end":{"line":29,"column":47}}]},"4":{"type":"branch","line":29,"loc":{"start":{"line":29,"column":33},"end":{"line":29,"column":47}},"locations":[{"start":{"line":29,"column":33},"end":{"line":29,"column":47}}]},"5":{"type":"branch","line":36,"loc":{"start":{"line":36,"column":17},"end":{"line":40,"column":6}},"locations":[{"start":{"line":36,"column":17},"end":{"line":40,"column":6}}]},"6":{"type":"branch","line":46,"loc":{"start":{"line":46,"column":27},"end":{"line":53,"column":4}},"locations":[{"start":{"line":46,"column":27},"end":{"line":53,"column":4}}]},"7":{"type":"branch","line":47,"loc":{"start":{"line":47,"column":26},"end":{"line":47,"column":40}},"locations":[{"start":{"line":47,"column":26},"end":{"line":47,"column":40}}]},"8":{"type":"branch","line":47,"loc":{"start":{"line":47,"column":35},"end":{"line":47,"column":45}},"locations":[{"start":{"line":47,"column":35},"end":{"line":47,"column":45}}]},"9":{"type":"branch","line":49,"loc":{"start":{"line":49,"column":17},"end":{"line":52,"column":6}},"locations":[{"start":{"line":49,"column":17},"end":{"line":52,"column":6}}]},"10":{"type":"branch","line":58,"loc":{"start":{"line":58,"column":20},"end":{"line":60,"column":4}},"locations":[{"start":{"line":58,"column":20},"end":{"line":60,"column":4}}]}},"b":{"0":[17],"1":[6],"2":[2],"3":[4],"4":[1],"5":[6],"6":[2],"7":[1],"8":[1],"9":[2],"10":[1]},"fnMap":{"0":{"name":"useTicketForm","decl":{"start":{"line":8,"column":29},"end":{"line":69,"column":2}},"loc":{"start":{"line":8,"column":29},"end":{"line":69,"column":2}},"line":8},"1":{"name":"handleInputChange","decl":{"start":{"line":22,"column":28},"end":{"line":41,"column":4}},"loc":{"start":{"line":22,"column":28},"end":{"line":41,"column":4}},"line":22},"2":{"name":"handleFileChange","decl":{"start":{"line":46,"column":27},"end":{"line":53,"column":4}},"loc":{"start":{"line":46,"column":27},"end":{"line":53,"column":4}},"line":46},"3":{"name":"resetForm","decl":{"start":{"line":58,"column":20},"end":{"line":60,"column":4}},"loc":{"start":{"line":58,"column":20},"end":{"line":60,"column":4}},"line":58},"4":{"name":"submitFeedback","decl":{"start":{"line":77,"column":30},"end":{"line":89,"column":2}},"loc":{"start":{"line":77,"column":30},"end":{"line":89,"column":2}},"line":77}},"f":{"0":17,"1":6,"2":2,"3":1,"4":0}}
[...]
,"column":43}},"87":{"start":{"line":88,"column":0},"end":{"line":88,"column":29}},"89":{"start":{"line":90,"column":0},"end":{"line":90,"column":21}},"90":{"start":{"line":91,"column":0},"end":{"line":91,"column":54}},"91":{"start":{"line":92,"column":0},"end":{"line":92,"column":39}},"92":{"start":{"line":93,"column":0},"end":{"line":93,"column":5}},"93":{"start":{"line":94,"column":0},"end":{"line":94,"column":4}},"94":{"start":{"line":95,"column":0},"end":{"line":95,"column":41}},"95":{"start":{"line":96,"column":0},"end":{"line":96,"column":24}},"96":{"start":{"line":97,"column":0},"end":{"line":97,"column":48}},"97":{"start":{"line":98,"column":0},"end":{"line":98,"column":23}},"101":{"start":{"line":102,"column":0},"end":{"line":102,"column":87}},"103":{"start":{"line":104,"column":0},"end":{"line":104,"column":23}},"104":{"start":{"line":105,"column":0},"end":{"line":105,"column":11}},"105":{"start":{"line":106,"column":0},"end":{"line":106,"column":35}},"106":{"start":{"line":107,"column":0},"end":{"line":107,"column":33}},"107":{"start":{"line":108,"column":0},"end":{"line":108,"column":23}},"108":{"start":{"line":109,"column":0},"end":{"line":109,"column":56}},"109":{"start":{"line":110,"column":0},"end":{"line":110,"column":41}},"110":{"start":{"line":111,"column":0},"end":{"line":111,"column":7}},"111":{"start":{"line":112,"column":0},"end":{"line":112,"column":5}},"112":{"start":{"line":113,"column":0},"end":{"line":113,"column":4}},"114":{"start":{"line":115,"column":0},"end":{"line":115,"column":42}},"115":{"start":{"line":116,"column":0},"end":{"line":116,"column":24}},"117":{"start":{"line":118,"column":0},"end":{"line":118,"column":87}},"118":{"start":{"line":119,"column":0},"end":{"line":119,"column":23}},"119":{"start":{"line":120,"column":0},"end":{"line":120,"column":12}},"120":{"start":{"line":121,"column":0},"end":{"line":121,"column":3}},"122":{"start":{"line":123,"column":0},"end":{"line":123,"column":9}},"123":{"start":{"line":124,"column":0},"end":{"line":124,"column":42}},"124":{"start":{"line":125,"column":0},"end":{"line":125,"column":41}},"125":{"start":{"line":126,"column":0},"end":{"line":126,"column":21}},"126":{"start":{"line":127,"column":0},"end":{"line":127,"column":55}},"127":{"start":{"line":128,"column":0},"end":{"line":128,"column":40}},"128":{"start":{"line":129,"column":0},"end":{"line":129,"column":5}},"129":{"start":{"line":130,"column":0},"end":{"line":130,"column":4}},"130":{"start":{"line":131,"column":0},"end":{"line":131,"column":74}},"131":{"start":{"line":132,"column":0},"end":{"line":132,"column":9}},"132":{"start":{"line":133,"column":0},"end":{"line":133,"column":26}},"133":{"start":{"line":134,"column":0},"end":{"line":134,"column":33}},"134":{"start":{"line":135,"column":0},"end":{"line":135,"column":61}},"135":{"start":{"line":136,"column":0},"end":{"line":136,"column":30}},"136":{"start":{"line":137,"column":0},"end":{"line":137,"column":38}},"137":{"start":{"line":138,"column":0},"end":{"line":138,"column":25}},"138":{"start":{"line":139,"column":0},"end":{"line":139,"column":39}},"139":{"start":{"line":140,"column":0},"end":{"line":140,"column":8}},"140":{"start":{"line":141,"column":0},"end":{"line":141,"column":36}},"143":{"start":{"line":144,"column":0},"end":{"line":144,"column":59}},"146":{"start":{"line":147,"column":0},"end":{"line":147,"column":64}},"148":{"start":{"line":149,"column":0},"end":{"line":149,"column":46}},"149":{"start":{"line":150,"column":0},"end":{"line":150,"column":34}},"150":{"start":{"line":151,"column":0},"end":{"line":151,"column":29}},"151":{"start":{"line":152,"column":0},"end":{"line":152,"column":21}},"152":{"start":{"line":153,"column":0},"end":{"line":153,"column":57}},"153":{"start":{"line":154,"column":0},"end":{"line":154,"column":32}},"154":{"start":{"line":155,"column":0},"end":{"line":155,"column":5}},"155":{"start":{"line":156,"column":0},"end":{"line":156,"column":4}},"160":{"start":{"line":161,"column":0},"end":{"line":161,"column":103}},"161":{"start":{"line":162,"column":0},"end":{"line":162,"column":93}},"163":{"start":{"line":164,"column":0},"end":{"line":164,"column":10}},"164":{"start":{"line":165,"column":0},"end":{"line":165,"column":115}},"165":{"start":{"line":166,"column":0},"end":{"line":166,"column":111}},"168":{"start":{"line":169,"column":0},"end":{"line":169,"column":106}},"169":{"start":{"line":170,"column":0},"end":{"line":170,"column":59}},"170":{"start":{"line":171,"column":0},"end":{"line":171,"column":45}},"171":{"start":{"line":172,"column":0},"end":{"line":172,"column":15}},"172":{"start":{"line":173,"column":0},"end":{"line":173,"column":17}},"173":{"start":{"line":174,"column":0},"end":{"line":174,"column":33}},"174":{"start":{"line":175,"column":0},"end":{"line":175,"column":68}},"175":{"start":{"line":176,"column":0},"end":{"line":176,"column":25}},"176":{"start":{"line":177,"column":0},"end":{"line":177,"column":11}},"178":{"start":{"line":179,"column":0},"end":{"line":179,"column":19}},"179":{"start":{"line":180,"column":0},"end":{"line":180,"column":14}},"182":{"start":{"line":183,"column":0},"end":{"line":183,"column":58}},"183":{"start":{"line":184,"column":0},"end":{"line":184,"column":38}},"185":{"start":{"line":186,"column":0},"end":{"line":186,"column":17}},"186":{"start":{"line":187,"column":0},"end":{"line":187,"column":90}},"187":{"start":{"line":188,"column":0},"end":{"line":188,"column":20}},"188":{"start":{"line":189,"column":0},"end":{"line":189,"column":27}},"189":{"start":{"line":190,"column":0},"end":{"line":190,"column":41}},"190":{"start":{"line":191,"column":0},"end":{"line":191,"column":24}},"191":{"start":{"line":192,"column":0},"end":{"line":192,"column":84}},"192":{"start":{"line":193,"column":0},"end":{"line":193,"column":16}},"193":{"start":{"line":194,"column":0},"end":{"line":194,"column":18}},"196":{"start":{"line":197,"column":0},"end":{"line":197,"column":17}},"197":{"start":{"line":198,"column":0},"end":{"line":198,"column":88}},"198":{"start":{"line":199,"column":0},"end":{"line":199,"column":20}},"199":{"start":{"line":200,"column":0},"end":{"line":200,"column":27}},"200":{"start":{"line":201,"column":0},"end":{"line":201,"column":39}},"201":{"start":{"line":202,"column":0},"end":{"line":202,"column":24}},"202":{"start":{"line":203,"column":0},"end":{"line":203,"column":84}},"203":{"start":{"line":204,"column":0},"end":{"line":204,"column":16}},"204":{"start":{"line":205,"column":0},"end":{"line":205,"column":18}},"207":{"start":{"line":208,"column":0},"end":{"line":208,"column":17}},"208":{"start":{"line":209,"column":0},"end":{"line":209,"column":86}},"209":{"start":{"line":210,"column":0},"end":{"line":210,"column":55}},"210":{"start":{"line":211,"column":0},"end":{"line":211,"column":22}},"211":{"start":{"line":212,"column":0},"end":{"line":212,"column":29}},"212":{"start":{"line":213,"column":0},"end":{"line":213,"column":39}},"213":{"start":{"line":214,"column":0},"end":{"line":214,"column":26}},"214":{"start":{"line":215,"column":0},"end":{"line":215,"column":86}},"215":{"start":{"line":216,"column":0},"end":{"line":216,"column":18}},"216":{"start":{"line":217,"column":0},"end":{"line":217,"column":20}},"217":{"start":{"line":218,"column":0},"end":{"line":218,"column":18}},"220":{"start":{"line":221,"column":0},"end":{"line":221,"column":17}},"221":{"start":{"line":222,"column":0},"end":{"line":222,"column":91}},"222":{"start":{"line":223,"column":0},"end":{"line":223,"column":20}},"223":{"start":{"line":224,"column":0},"end":{"line":224,"column":27}},"224":{"start":{"line":225,"column":0},"end":{"line":225,"column":55}},"225":{"start":{"line":226,"column":0},"end":{"line":226,"column":24}},"226":{"start":{"line":227,"column":0},"end":{"line":227,"column":84}},"227":{"start":{"line":228,"column":0},"end":{"line":228,"column":16}},"228":{"start":{"line":229,"column":0},"end":{"line":229,"column":18}},"231":{"start":{"line":232,"column":0},"end":{"line":232,"column":17}},"232":{"start":{"line":233,"column":0},"end":{"line":233,"column":91}},"233":{"start":{"line":234,"column":0},"end":{"line":234,"column":23}},"234":{"start":{"line":235,"column":0},"end":{"line":235,"column":42}},"235":{"start":{"line":236,"column":0},"end":{"line":236,"column":24}},"236":{"start":{"line":237,"column":0},"end":{"line":237,"column":24}},"237":{"start":{"line":238,"column":0},"end":{"line":238,"column":84}},"238":{"start":{"line":239,"column":0},"end":{"line":239,"column":26}},"239":{"start":{"line":240,"column":0},"end":{"line":240,"column":18}},"240":{"start":{"line":241,"column":0},"end":{"line":241,"column":17}},"243":{"start":{"line":244,"column":0},"end":{"line":244,"column":53}},"244":{"start":{"line":245,"column":0},"end":{"line":245,"column":16}},"245":{"start":{"line":246,"column":0},"end":{"line":246,"column":77}},"246":{"start":{"line":247,"column":0},"end":{"line":247,"column":19}},"248":{"start":{"line":249,"column":0},"end":{"line":249,"column":56}},"249":{"start":{"line":250,"column":0},"end":{"line":250,"column":98}},"250":{"start":{"line":251,"column":0},"end":{"line":251,"column":13}},"252":{"start":{"line":253,"column":0},"end":{"line":253,"column":21}},"255":{"start":{"line":256,"column":0},"end":{"line":256,"column":34}},"256":{"start":{"line":257,"column":0},"end":{"line":257,"column":32}},"257":{"start":{"line":258,"column":0},"end":{"line":258,"column":75}},"258":{"start":{"line":259,"column":0},"end":{"line":259,"column":57}},"259":{"start":{"line":260,"column":0},"end":{"line":260,"column":14}},"266":{"start":{"line":267,"column":0},"end":{"line":267,"column":33}},"267":{"start":{"line":268,"column":0},"end":{"line":268,"column":82}},"268":{"start":{"line":269,"column":0},"end":{"line":269,"column":52}},"270":{"start":{"line":271,"column":0},"end":{"line":271,"column":83}},"271":{"start":{"line":272,"column":0},"end":{"line":272,"column":21}},"272":{"start":{"line":273,"column":0},"end":{"line":273,"column":44}},"273":{"start":{"line":274,"column":0},"end":{"line":274,"column":95}},"274":{"start":{"line":275,"column":0},"end":{"line":275,"column":15}},"276":{"start":{"line":277,"column":0},"end":{"line":277,"column":23}},"279":{"start":{"line":280,"column":0},"end":{"line":280,"column":100}},"280":{"start":{"line":281,"column":0},"end":{"line":281,"column":21}},"281":{"start":{"line":282,"column":0},"end":{"line":282,"column":43}},"282":{"start":{"line":283,"column":0},"end":{"line":283,"column":97}},"283":{"start":{"line":284,"column":0},"end":{"line":284,"column":15}},"285":{"start":{"line":286,"column":0},"end":{"line":286,"column":23}},"287":{"start":{"line":288,"column":0},"end":{"line":288,"column":18}},"289":{"start":{"line":290,"column":0},"end":{"line":290,"column":82}},"290":{"start":{"line":291,"column":0},"end":{"line":291,"column":21}},"292":{"start":{"line":293,"column":0},"end":{"line":293,"column":44}},"293":{"start":{"line":294,"column":0},"end":{"line":294,"column":100}},"294":{"start":{"line":295,"column":0},"end":{"line":295,"column":15}},"296":{"start":{"line":297,"column":0},"end":{"line":297,"column":23}},"298":{"start":{"line":299,"column":0},"end":{"line":299,"column":16}},"300":{"start":{"line":301,"column":0},"end":{"line":301,"column":14}},"301":{"start":{"line":302,"column":0},"end":{"line":302,"column":12}},"302":{"start":{"line":303,"column":0},"end":{"line":303,"column":21}},"303":{"start":{"line":304,"column":0},"end":{"line":304,"column":27}},"304":{"start":{"line":305,"column":0},"end":{"line":305,"column":50}},"305":{"start":{"line":306,"column":0},"end":{"line":306,"column":48}},"306":{"start":{"line":307,"column":0},"end":{"line":307,"column":47}},"307":{"start":{"line":308,"column":0},"end":{"line":308,"column":48}},"308":{"start":{"line":309,"column":0},"end":{"line":309,"column":146}},"310":{"start":{"line":311,"column":0},"end":{"line":311,"column":97}},"311":{"start":{"line":312,"column":0},"end":{"line":312,"column":110}},"312":{"start":{"line":313,"column":0},"end":{"line":313,"column":155}},"313":{"start":{"line":314,"column":0},"end":{"line":314,"column":26}},"314":{"start":{"line":315,"column":0},"end":{"line":315,"column":24}},"315":{"start":{"line":316,"column":0},"end":{"line":316,"column":52}},"316":{"start":{"line":317,"column":0},"end":{"line":317,"column":70}},"317":{"start":{"line":318,"column":0},"end":{"line":318,"column":75}},"318":{"start":{"line":319,"column":0},"end":{"line":319,"column":103}},"319":{"start":{"line":320,"column":0},"end":{"line":320,"column":103}},"320":{"start":{"line":321,"column":0},"end":{"line":321,"column":120}},"321":{"start":{"line":322,"column":0},"end":{"line":322,"column":30}},"322":{"start":{"line":323,"column":0},"end":{"line":323,"column":31}},"323":{"start":{"line":324,"column":0},"end":{"line":324,"column":26}},"324":{"start":{"line":325,"column":0},"end":{"line":325,"column":80}},"325":{"start":{"line":326,"column":0},"end":{"line":326,"column":24}},"326":{"start":{"line":327,"column":0},"end":{"line":327,"column":29}},"328":{"start":{"line":329,"column":0},"end":{"line":329,"column":10}},"330":{"start":{"line":331,"column":0},"end":{"line":331,"column":2}},"332":{"start":{"line":333,"column":0},"end":{"line":333,"column":33}}},"s":{"0":0,"1":0,"3":0,"4":0,"5":0,"7":0,"8":0,"9":0,"10":0,"12":0,"13":0,"14":0,"15":0,"16":0,"17":0,"18":0,"21":0,"23":0,"24":0,"25":0,"27":0,"28":0,"29":0,"30":0,"31":0,"32":0,"33":0,"35":0,"36":0,"37":0,"40":0,"41":0,"42":0,"43":0,"45":0,"46":0,"47":0,"48":0,"49":0,"50":0,"51":0,"52":0,"55":0,"57":0,"58":0,"59":0,"60":0,"61":0,"62":0,"63":0,"64":0,"67":0,"68":0,"69":0,"71":0,"72":0,"74":0,"75":0,"76":0,"77":0,"78":0,"80":0,"81":0,"83":0,"84":0,"86":0,"87":0,"89":0,"90":0,"91":0,"92":0,"93":0,"94":0,"95":0,"96":0,"97":0,"101":0,"103":0,"104":0,"105":0,"106":0,"107":0,"108":0,"109":0,"110":0,"111":0,"112":0,"114":0,"115":0,"117":0,"118":0,"119":0,"120":0,"122":0,"123":0,"124":0,"125":0,"126":0,"127":0,"128":0,"129":0,"130":0,"131":0,"132":0,"133":0,"134":0,"135":0,"136":0,"137":0,"138":0,"139":0,"140":0,"143":0,"146":0,"148":0,"149":0,"150":0,"151":0,"152":0,"153":0,"154":0,"155":0,"160":0,"161":0,"163":0,"164":0,"165":0,"168":0,"169":0,"170":0,"171":0,"172":0,"173":0,"174":0,"175":0,"176":0,"178":0,"179":0,"182":0,"183":0,"185":0,"186":0,"187":0,"188":0,"189":0,"190":0,"191":0,"192":0,"193":0,"196":0,"197":0,"198":0,"199":0,"200":0,"201":0,"202":0,"203":0,"204":0,"207":0,"208":0,"209":0,"210":0,"211":0,"212":0,"213":0,"214":0,"215":0,"216":0,"217":0,"220":0,"221":0,"222":0,"223":0,"224":0,"225":0,"226":0,"227":0,"228":0,"231":0,"232":0,"233":0,"234":0,"235":0,"236":0,"237":0,"238":0,"239":0,"240":0,"243":0,"244":0,"245":0,"246":0,"248":0,"249":0,"250":0,"252":0,"255":0,"256":0,"257":0,"258":0,"259":0,"266":0,"267":0,"268":0,"270":0,"271":0,"272":0,"273":0,"274":0,"276":0,"279":0,"280":0,"281":0,"282":0,"283":0,"285":0,"287":0,"289":0,"290":0,"292":0,"293":0,"294":0,"296":0,"298":0,"300":0,"301":0,"302":0,"303":0,"304":0,"305":0,"306":0,"307":0,"308":0,"310":0,"311":0,"312":0,"313":0,"314":0,"315":0,"316":0,"317":0,"318":0,"319":0,"320":0,"321":0,"322":0,"323":0,"324":0,"325":0,"326":0,"328":0,"330":0,"332":0},"branchMap":{"0":{"type":"branch","line":1,"loc":{"start":{"line":1,"column":4590},"end":{"line":333,"column":-4932}},"locations":[{"start":{"line":1,"column":4590},"end":{"line":333,"column":-4932}}]}},"b":{"0":[0]},"fnMap":{"0":{"name":"(empty-report)","decl":{"start":{"line":1,"column":4590},"end":{"line":333,"column":-4932}},"loc":{"start":{"line":1,"column":4590},"end":{"line":333,"column":-4932}},"line":1}},"f":{"0":0}}
,"C:\\Users\\Wissen\\Downloads\\Frontend\\src\\services\\websocketService.tsx": {"path":"C:\\Users\\Wissen\\Downloads\\Frontend\\src\\services\\websocketService.tsx","all":true,"statementMap":{"0":{"start":{"line":1,"column":0},"end":{"line":1,"column":35}},"1":{"start":{"line":2,"column":0},"end":{"line":2,"column":50}},"3":{"start":{"line":4,"column":0},"end":{"line":4,"column":38}},"7":{"start":{"line":8,"column":0},"end":{"line":8,"column":110}},"8":{"start":{"line":9,"column":0},"end":{"line":9,"column":58}},"9":{"start":{"line":10,"column":0},"end":{"line":10,"column":30}},"10":{"start":{"line":11,"column":0},"end":{"line":11,"column":39}},"11":{"start":{"line":12,"column":0},"end":{"line":12,"column":74}},"12":{"start":{"line":13,"column":0},"end":{"line":13,"column":26}},"13":{"start":{"line":14,"column":0},"end":{"line":14,"column":53}},"16":{"start":{"line":17,"column":0},"end":{"line":17,"column":101}},"17":{"start":{"line":18,"column":0},"end":{"line":18,"column":62}},"18":{"start":{"line":19,"column":0},"end":{"line":19,"column":48}},"19":{"start":{"line":20,"column":0},"end":{"line":20,"column":15}},"20":{"start":{"line":21,"column":0},"end":{"line":21,"column":10}},"21":{"start":{"line":22,"column":0},"end":{"line":22,"column":34}},"22":{"start":{"line":23,"column":0},"end":{"line":23,"column":54}},"23":{"start":{"line":24,"column":0},"end":{"line":24,"column":10}},"24":{"start":{"line":25,"column":0},"end":{"line":25,"column":7}},"26":{"start":{"line":27,"column":0},"end":{"line":27,"column":27}},"27":{"start":{"line":28,"column":0},"end":{"line":28,"column":2}},"29":{"start":{"line":30,"column":0},"end":{"line":30,"column":48}},"30":{"start":{"line":31,"column":0},"end":{"line":31,"column":22}},"31":{"start":{"line":32,"column":0},"end":{"line":32,"column":33}},"32":{"start":{"line":33,"column":0},"end":{"line":33,"column":27}},"33":{"start":{"line":34,"column":0},"end":{"line":34,"column":5}},"34":{"start":{"line":35,"column":0},"end":{"line":35,"column":2}}},"s":{"0":0,"1":0,"3":0,"7":0,"8":0,"9":0,"10":0,"11":0,"12":0,"13":0,"16":0,"17":0,"18":0,"19":0,"20":0,"21":0,"22":0,"23":0,"24":0,"26":0,"27":0,"29":0,"30":0,"31":0,"32":0,"33":0,"34":0},"branchMap":{"0":{"type":"branch","line":1,"loc":{"start":{"line":1,"column":0},"end":{"line":35,"column":-40}},"locations":[{"start":{"line":1,"column":0},"end":{"line":35,"column":-40}}]}},"b":{"0":[0]},"fnMap":{"0":{"name":"(empty-report)","decl":{"start":{"line":1,"column":0},"end":{"line":35,"column":-40}},"loc":{"start":{"line":1,"column":0},"end":{"line":35,"column":-40}},"line":1}},"f":{"0":0}}
,"C:\\Users\\Wissen\\Downloads\\Frontend\\src\\types\\Attachment.ts": {"path":"C:\\Users\\Wissen\\Downloads\\Frontend\\src\\types\\Attachment.ts","all":true,"statementMap":{},"s":{},"branchMap":{"0":{"type":"branch","line":1,"loc":{"start":{"line":1,"column":166},"end":{"line":7,"column":6}},"locations":[{"start":{"line":1,"column":166},"end":{"line":7,"column":6}}]}},"b":{"0":[1]},"fnMap":{"0":{"name":"(empty-report)","decl":{"start":{"line":1,"column":166},"end":{"line":7,"column":6}},"loc":{"start":{"line":1,"column":166},"end":{"line":7,"column":6}},"line":1}},"f":{"0":1}}
,"C:\\Users\\Wissen\\Downloads\\Frontend\\src\\types\\Ticket.ts": {"path":"C:\\Users\\Wissen\\Downloads\\Frontend\\src\\types\\Ticket.ts","all":true,"statementMap":{},"s":{},"branchMap":{"0":{"type":"branch","line":1,"loc":{"start":{"line":1,"column":459},"end":{"line":17,"column":4}},"locations":[{"start":{"line":1,"column":459},"end":{"line":17,"column":4}}]}},"b":{"0":[1]},"fnMap":{"0":{"name":"(empty-report)","decl":{"start":{"line":1,"column":459},"end":{"line":17,"column":4}},"loc":{"start":{"line":1,"column":459},"end":{"line":17,"column":4}},"line":1}},"f":{"0":1}}
,"C:\\Users\\Wissen\\Downloads\\Frontend\\src\\types\\TicketComment.ts": {"path":"C:\\Users\\Wissen\\Downloads\\Frontend\\src\\types\\TicketComment.ts","all":true,"statementMap":{},"s":{},"branchMap":{"0":{"type":"branch","line":1,"loc":{"start":{"line":1,"column":229},"end":{"line":9,"column":6}},"locations":[{"start":{"line":1,"column":229},"end":{"line":9,"column":6}}]}},"b":{"0":[1]},"fnMap":{"0":{"name":"(empty-report)","decl":{"start":{"line":1,"column":229},"end":{"line":9,"column":6}},"loc":{"start":{"line":1,"column":229},"end":{"line":9,"column":6}},"line":1}},"f":{"0":1}}
}
